2022-03-18 14:54:32

Diff. num of tokens in EN & CH annot:	raw-data/story/Kanakanavu_Kanakanavu/kkvNr_sowing_Paicu.txt/#39
INVALID GLOSS formatting:				raw-data/story/Kanakanavu_Kanakanavu/kkvNr-story_pani.txt/#52
Diff. num of tokens in EN & CH annot:	raw-data/story/Kanakanavu_Kanakanavu/kkvNr-story_pani.txt/#130
Diff. num of tokens in EN & CH annot:	raw-data/story/Kanakanavu_Kanakanavu/kkvNr_farming_Muu.txt/#94
Diff. num of tokens in EN & CH annot:	raw-data/story/Kanakanavu_Kanakanavu/kkvNr_hunting1_Muu.txt/#59
Diff. num of tokens in EN & CH annot:	raw-data/story/Bunun_Isbukun/bnNr-pear_Hanaivaz.txt/#31
Diff. num of tokens in EN & CH annot:	raw-data/story/Bunun_Isbukun/bnNr-pear_Hanaivaz.txt/#32
Diff. num of tokens in EN & CH annot:	raw-data/story/Bunun_Isbukun/bnNr-pear_Hanaivaz.txt/#88
Diff. num of tokens in EN & CH annot:	raw-data/story/Bunun_Isbukun/bnNr-pear_Laniahu.txt/#7
Diff. num of tokens in EN & CH annot:	raw-data/story/Bunun_Isbukun/bnNr-pear_Laniahu.txt/#21
Diff. num of tokens in EN & CH annot:	raw-data/story/Bunun_Isbukun/bnNr-pear_Laniahu.txt/#22
Diff. num of tokens in EN & CH annot:	raw-data/story/Bunun_Isbukun/bnNr-pear_Laniahu.txt/#28
Diff. num of tokens in EN & CH annot:	raw-data/story/Bunun_Isbukun/bnNr-pear_Laniahu.txt/#33
Diff. num of tokens in EN & CH annot:	raw-data/story/Bunun_Isbukun/bnNr-pear_Laniahu.txt/#34
Diff. num of tokens in EN & CH annot:	raw-data/story/Bunun_Isbukun/bnNr-pear_Laniahu.txt/#38
Diff. num of tokens in EN & CH annot:	raw-data/story/Bunun_Isbukun/bnNr-pear_Laniahu.txt/#69
Diff. num of tokens in EN & CH annot:	raw-data/story/Bunun_Isbukun/bnNr-pear_Laniahu.txt/#72
Diff. num of tokens in EN & CH annot:	raw-data/story/Bunun_Isbukun/bnNr-pear_Laniahu.txt/#74
INVALID GLOSS formatting:				raw-data/story/Bunun_Isbukun/bnNr-pear_Laniahu.txt/#76
INVALID GLOSS formatting:				raw-data/story/Bunun_Isbukun/bnNr-pear_Laniahu.txt/#95
Diff. num of tokens in EN & CH annot:	raw-data/story/Bunun_Isbukun/bnNr-pear_Laniahu.txt/#105
Diff. num of tokens in EN & CH annot:	raw-data/story/Bunun_Isbukun/bnNr-pear_Laniahu.txt/#107
Diff. num of tokens in EN & CH annot:	raw-data/story/Bunun_Isbukun/bnNr-pear_Laniahu.txt/#110
Diff. num of tokens in EN & CH annot:	raw-data/story/Bunun_Isbukun/bnNr-pear_Laniahu.txt/#111
Diff. num of tokens in EN & CH annot:	raw-data/story/Bunun_Isbukun/bnNr-pear_Laniahu.txt/#112
Diff. num of tokens in EN & CH annot:	raw-data/story/Bunun_Isbukun/bnNr-pear_Laniahu.txt/#113
Diff. num of tokens in EN & CH annot:	raw-data/story/Bunun_Isbukun/bnNr-pear_Laniahu.txt/#162
Diff. num of tokens in EN & CH annot:	raw-data/story/Bunun_Isbukun/bnNr-pear_Laniahu.txt/#169
Diff. num of tokens in EN & CH annot:	raw-data/story/Bunun_Isbukun/bnNr-frog_Ciang.txt/#28
Diff. num of tokens in EN & CH annot:	raw-data/story/Bunun_Isbukun/bnNr-frog_Ciang.txt/#71
Diff. num of tokens in EN & CH annot:	raw-data/story/Bunun_Isbukun/bnNr-frog_Ciang.txt/#120
Diff. num of tokens in EN & CH annot:	raw-data/story/Bunun_Isbukun/bnNr-frog_Ciang.txt/#147
Diff. num of tokens in EN & CH annot:	raw-data/story/Bunun_Isbukun/bnNr-lazy-daughter_Hanaivaz.txt/#23
Diff. num of tokens in EN & CH annot:	raw-data/story/Bunun_Isbukun/bnNr-lazy-daughter_Hanaivaz.txt/#25
Diff. num of tokens in EN & CH annot:	raw-data/story/Bunun_Isbukun/bnNr-lazy-daughter_Hanaivaz.txt/#34
Diff. num of tokens in EN & CH annot:	raw-data/story/Bunun_Isbukun/bnNr-lazy-daughter_Hanaivaz.txt/#37
Diff. num of tokens in EN & CH annot:	raw-data/story/Bunun_Isbukun/bnNr-lazy-daughter_Hanaivaz.txt/#39
Diff. num of tokens in EN & CH annot:	raw-data/story/Bunun_Isbukun/bnNr-lazy-daughter_Hanaivaz.txt/#45
Diff. num of tokens in EN & CH annot:	raw-data/story/Bunun_Isbukun/bnNr-lazy-daughter_Hanaivaz.txt/#80
Diff. num of tokens in EN & CH annot:	raw-data/story/Bunun_Isbukun/bnNr-lazy-daughter_Hanaivaz.txt/#90
Diff. num of tokens in EN & CH annot:	raw-data/story/Bunun_Isbukun/bnNr-lazy-daughter_Hanaivaz.txt/#105
INVALID GLOSS formatting:				raw-data/story/Bunun_Isbukun/bnNr-lazy-daughter_Hanaivaz.txt/#139
Diff. num of tokens in EN & CH annot:	raw-data/story/Bunun_Isbukun/bnNr-lazy-daughter_Hanaivaz.txt/#150
Diff. num of tokens in EN & CH annot:	raw-data/story/Bunun_Isbukun/bnNr-lazy-daughter_Hanaivaz.txt/#175
Diff. num of tokens in EN & CH annot:	raw-data/story/Bunun_Isbukun/bnNr-lazy-daughter_Hanaivaz.txt/#190
Diff. num of tokens in EN & CH annot:	raw-data/story/Bunun_Isbukun/bnNr-lazy-daughter_Hanaivaz.txt/#192
Diff. num of tokens in EN & CH annot:	raw-data/story/Bunun_Isbukun/bnNr-lazy-daughter_Hanaivaz.txt/#209
Diff. num of tokens in EN & CH annot:	raw-data/story/Bunun_Isbukun/bnNr-frog_Laniahu.txt/#46
Diff. num of tokens in EN & CH annot:	raw-data/story/Bunun_Isbukun/bnNr-frog_Laniahu.txt/#51
Diff. num of tokens in EN & CH annot:	raw-data/story/Bunun_Isbukun/bnNr-frog_Laniahu.txt/#53
INVALID GLOSS formatting:				raw-data/story/Bunun_Isbukun/bnNr-frog_Laniahu.txt/#161
Diff. num of tokens in EN & CH annot:	raw-data/story/Bunun_Isbukun/bnNr-frog_Laniahu.txt/#200
Diff. num of tokens in EN & CH annot:	raw-data/story/Bunun_Isbukun/bnNr-frog_Laniahu.txt/#277
Diff. num of tokens in EN & CH annot:	raw-data/story/Bunun_Isbukun/bnNr-frog_Laniahu.txt/#282
INVALID GLOSS formatting:				raw-data/story/Bunun_Isbukun/bnNr-frog_Laniahu.txt/#295
Diff. num of tokens in EN & CH annot:	raw-data/story/Bunun_Isbukun/bnNr-frog_Laniahu.txt/#298
Diff. num of tokens in EN & CH annot:	raw-data/story/Bunun_Isbukun/bnNr-frog_Laniahu.txt/#356
INVALID GLOSS formatting:				raw-data/story/Bunun_Isbukun/bnNr-frog_Laniahu.txt/#358
Diff. num of tokens in EN & CH annot:	raw-data/story/Bunun_Isbukun/bnNr-frog_Laniahu.txt/#432
Diff. num of tokens in EN & CH annot:	raw-data/story/Bunun_Isbukun/bnNr-frog_Samingaz.txt/#26
Diff. num of tokens in EN & CH annot:	raw-data/story/Bunun_Isbukun/bnNr-frog_Samingaz.txt/#31
Diff. num of tokens in EN & CH annot:	raw-data/story/Bunun_Isbukun/bnNr-frog_Samingaz.txt/#69
Diff. num of tokens in EN & CH annot:	raw-data/story/Bunun_Isbukun/bnNr-frog_Samingaz.txt/#111
INVALID GLOSS formatting:				raw-data/story/Bunun_Isbukun/bnNr-pear_Samingaz.txt/#8 
INVALID GLOSS formatting:				raw-data/story/Bunun_Isbukun/bnNr-pear_Samingaz.txt/#63
Diff. num of tokens in EN & CH annot:	raw-data/story/Bunun_Isbukun/bnNr-pear_Samingaz.txt/#66
Diff. num of tokens in EN & CH annot:	raw-data/story/Bunun_Isbukun/bnNr-pear_Samingaz.txt/#69
Diff. num of tokens in EN & CH annot:	raw-data/story/Bunun_Isbukun/bnNr-frog_Talum.txt/#10
Diff. num of tokens in EN & CH annot:	raw-data/story/Bunun_Isbukun/bnNr-frog_Talum.txt/#26
INVALID GLOSS formatting:				raw-data/story/Bunun_Isbukun/bnNr-frog_Talum.txt/#29
Diff. num of tokens in EN & CH annot:	raw-data/story/Bunun_Isbukun/bnNr-frog_Talum.txt/#31
Diff. num of tokens in EN & CH annot:	raw-data/story/Bunun_Isbukun/bnNr-frog_Talum.txt/#32
Diff. num of tokens in EN & CH annot:	raw-data/story/Bunun_Isbukun/bnNr-frog_Talum.txt/#49
INVALID GLOSS formatting:				raw-data/story/Bunun_Isbukun/bnNr-frog_Talum.txt/#67
Diff. num of tokens in EN & CH annot:	raw-data/story/Bunun_Isbukun/bnNr-frog_Talum.txt/#85
INVALID GLOSS formatting:				raw-data/story/Bunun_Isbukun/bnNr-frog_Talum.txt/#101
Diff. num of tokens in EN & CH annot:	raw-data/story/Bunun_Isbukun/bnNr-frog_Talum.txt/#114
INVALID GLOSS formatting:				raw-data/story/Bunun_Isbukun/bnNr-frog_Hanaivaz.txt/#66
Diff. num of tokens in EN & CH annot:	raw-data/story/Bunun_Isbukun/bnNr-frog_Hanaivaz.txt/#103
INVALID GLOSS formatting:				raw-data/story/Bunun_Isbukun/bnNr-frog_Hanaivaz.txt/#144
Diff. num of tokens in EN & CH annot:	raw-data/story/Bunun_Isbukun/bnNr-frog_Hanaivaz.txt/#273
Diff. num of tokens in EN & CH annot:	raw-data/story/Bunun_Isbukun/bnNr-frog_Hanaivaz.txt/#293
Diff. num of tokens in EN & CH annot:	raw-data/story/Bunun_Isbukun/bnNr-pear_Talum.txt/#37
Diff. num of tokens in EN & CH annot:	raw-data/story/Bunun_Isbukun/bnNr-hunter-becominig-a-bird_Hanaivaz.txt/#12
INVALID GLOSS formatting:				raw-data/story/Bunun_Isbukun/bnNr-hunter-becominig-a-bird_Hanaivaz.txt/#46
INVALID GLOSS formatting:				raw-data/story/Bunun_Isbukun/bnNr-hunter-becominig-a-bird_Hanaivaz.txt/#77
Diff. num of tokens in EN & CH annot:	raw-data/story/Bunun_Isbukun/bnNr-hunter-becominig-a-bird_Hanaivaz.txt/#186
Diff. num of tokens in EN & CH annot:	raw-data/story/Bunun_Isbukun/bnNr-hunter-becominig-a-bird_Hanaivaz.txt/#215
