2021-01-28 14:32:43

Diff. num of tokens in EN & CH annot:	raw-data/long-text/Kanakanavu_Kanakanavu/kkvNr_the man from china_Pani.mp3.txt/#22
Diff. num of tokens in EN & CH annot:	raw-data/long-text/Kanakanavu_Kanakanavu/kkvNr_the man from china_Pani.mp3.txt/#120
Diff. num of tokens in EN & CH annot:	raw-data/long-text/Kanakanavu_Kanakanavu/kkvNr_the man from china_Pani.mp3.txt/#121
Diff. num of tokens in EN & CH annot:	raw-data/long-text/Kanakanavu_Kanakanavu/kkvNr_the man from china_Pani.mp3.txt/#125
Diff. num of tokens in EN & CH annot:	raw-data/long-text/Kanakanavu_Kanakanavu/kkvNr_the man from china_Pani.mp3.txt/#128
Diff. num of tokens in EN & CH annot:	raw-data/long-text/Kanakanavu_Kanakanavu/kkvNr_the man from china_Pani.mp3.txt/#130
Diff. num of tokens in EN & CH annot:	raw-data/long-text/Kanakanavu_Kanakanavu/kkvNr_the man from china_Pani.mp3.txt/#142
Diff. num of tokens in EN & CH annot:	raw-data/long-text/Kanakanavu_Kanakanavu/kkvNr_the man from china_Pani.mp3.txt/#157
Diff. num of tokens in EN & CH annot:	raw-data/long-text/Kanakanavu_Kanakanavu/kkvNr_the man from china_Pani.mp3.txt/#159
INVALID GLOSS formatting:				raw-data/long-text/Kanakanavu_Kanakanavu/kkvNr_the man from china_Pani.mp3.txt/#178
Diff. num of tokens in EN & CH annot:	raw-data/long-text/Kanakanavu_Kanakanavu/kkvNr_the man from china_Pani.mp3.txt/#182
Diff. num of tokens in EN & CH annot:	raw-data/long-text/Kanakanavu_Kanakanavu/kkvNr_the man from china_Pani.mp3.txt/#195
Diff. num of tokens in EN & CH annot:	raw-data/long-text/Kanakanavu_Kanakanavu/kkvNr_the man from china_Pani.mp3.txt/#236
Diff. num of tokens in EN & CH annot:	raw-data/long-text/Kanakanavu_Kanakanavu/kkvNr_sowing_Paicu.mp3.txt/#11
Diff. num of tokens in EN & CH annot:	raw-data/long-text/Kanakanavu_Kanakanavu/kkvNr_sowing_Paicu.mp3.txt/#39
Diff. num of tokens in EN & CH annot:	raw-data/long-text/Kanakanavu_Kanakanavu/kkvNr-puratu_Muu.mp3.txt/#48
Diff. num of tokens in EN & CH annot:	raw-data/long-text/Kanakanavu_Kanakanavu/kkvNr-puratu_Muu.mp3.txt/#53
INVALID GLOSS formatting:				raw-data/long-text/Kanakanavu_Kanakanavu/kkvNr-story_pani.mp3.txt/#58
Diff. num of tokens in EN & CH annot:	raw-data/long-text/Kanakanavu_Kanakanavu/kkvNr-story_pani.mp3.txt/#90
Diff. num of tokens in EN & CH annot:	raw-data/long-text/Kanakanavu_Kanakanavu/kkvNr-story_pani.mp3.txt/#107
Diff. num of tokens in EN & CH annot:	raw-data/long-text/Kanakanavu_Kanakanavu/kkvNr-story_pani.mp3.txt/#113
Diff. num of tokens in EN & CH annot:	raw-data/long-text/Kanakanavu_Kanakanavu/kkvNr-story_pani.mp3.txt/#126
INVALID GLOSS formatting:				raw-data/long-text/Kanakanavu_Kanakanavu/kkvNr-story_pani.mp3.txt/#130
Diff. num of tokens in EN & CH annot:	raw-data/long-text/Kanakanavu_Kanakanavu/kkvNr-story_pani.mp3.txt/#135
Diff. num of tokens in EN & CH annot:	raw-data/long-text/Kanakanavu_Kanakanavu/kkvNr-story_pani.mp3.txt/#136
Diff. num of tokens in EN & CH annot:	raw-data/long-text/Kanakanavu_Kanakanavu/kkvNr-story_pani.mp3.txt/#148
Diff. num of tokens in EN & CH annot:	raw-data/long-text/Kanakanavu_Kanakanavu/kkvNr_frog_Uva.mp3.txt/#35
Diff. num of tokens in EN & CH annot:	raw-data/long-text/Kanakanavu_Kanakanavu/kkvNr_frog_Uva.mp3.txt/#44
Diff. num of tokens in EN & CH annot:	raw-data/long-text/Kanakanavu_Kanakanavu/kkvNr_frog_Uva.mp3.txt/#123
Diff. num of tokens in EN & CH annot:	raw-data/long-text/Kanakanavu_Kanakanavu/kkvNr_frog_Uva.mp3.txt/#131
Diff. num of tokens in EN & CH annot:	raw-data/long-text/Kanakanavu_Kanakanavu/kkvNr_frog_Uva.mp3.txt/#134
Diff. num of tokens in EN & CH annot:	raw-data/long-text/Kanakanavu_Kanakanavu/kkvNr_frog_Uva.mp3.txt/#143
Diff. num of tokens in EN & CH annot:	raw-data/long-text/Kanakanavu_Kanakanavu/kkvNr_frog_Uva.mp3.txt/#146
Diff. num of tokens in EN & CH annot:	raw-data/long-text/Kanakanavu_Kanakanavu/kkvNr_frog_Uva.mp3.txt/#151
Diff. num of tokens in EN & CH annot:	raw-data/long-text/Kanakanavu_Kanakanavu/kkvNr_fishing_Pani.mp3.txt/#57
Diff. num of tokens in EN & CH annot:	raw-data/long-text/Kanakanavu_Kanakanavu/kkvNr_fishing_Pani.mp3.txt/#60
Diff. num of tokens in EN & CH annot:	raw-data/long-text/Kanakanavu_Kanakanavu/kkvNr_fishing_Pani.mp3.txt/#101
Diff. num of tokens in EN & CH annot:	raw-data/long-text/Kanakanavu_Kanakanavu/kkvNr_fishing_Pani.mp3.txt/#117
Diff. num of tokens in EN & CH annot:	raw-data/long-text/Kanakanavu_Kanakanavu/kkvNr_fishing_Pani.mp3.txt/#121
Diff. num of tokens in EN & CH annot:	raw-data/long-text/Kanakanavu_Kanakanavu/kkvNr_fishing_Pani.mp3.txt/#161
Diff. num of tokens in EN & CH annot:	raw-data/long-text/Kanakanavu_Kanakanavu/kkvNr_fishing_Pani.mp3.txt/#163
Diff. num of tokens in EN & CH annot:	raw-data/long-text/Kanakanavu_Kanakanavu/kkvNr_fishing_Pani.mp3.txt/#178
Diff. num of tokens in EN & CH annot:	raw-data/long-text/Kanakanavu_Kanakanavu/kkvNr_fishing_Pani.mp3.txt/#186
Diff. num of tokens in EN & CH annot:	raw-data/long-text/Kanakanavu_Kanakanavu/kkvNr_fishing_Pani.mp3.txt/#198
Diff. num of tokens in EN & CH annot:	raw-data/long-text/Kanakanavu_Kanakanavu/kkvNr_fishing_Pani.mp3.txt/#216
Diff. num of tokens in EN & CH annot:	raw-data/long-text/Kanakanavu_Kanakanavu/kkvNr_fishing_Pani.mp3.txt/#219
Diff. num of tokens in EN & CH annot:	raw-data/long-text/Kanakanavu_Kanakanavu/kkvNr_fishing_Pani.mp3.txt/#230
Diff. num of tokens in EN & CH annot:	raw-data/long-text/Kanakanavu_Kanakanavu/kkvNr_fishing_Pani.mp3.txt/#234
Diff. num of tokens in EN & CH annot:	raw-data/long-text/Kanakanavu_Kanakanavu/kkvNr_fishing_Pani.mp3.txt/#242
Diff. num of tokens in EN & CH annot:	raw-data/long-text/Kanakanavu_Kanakanavu/kkvNr_fishing_Pani.mp3.txt/#243
Diff. num of tokens in EN & CH annot:	raw-data/long-text/Kanakanavu_Kanakanavu/kkvNr_fishing_Pani.mp3.txt/#245
Diff. num of tokens in EN & CH annot:	raw-data/long-text/Kanakanavu_Kanakanavu/kkvNr_fishing_Pani.mp3.txt/#286
Diff. num of tokens in EN & CH annot:	raw-data/long-text/Kanakanavu_Kanakanavu/kkvNr_fishing_Pani.mp3.txt/#305
Diff. num of tokens in EN & CH annot:	raw-data/long-text/Kanakanavu_Kanakanavu/kkvNr_farming_Muu.mp3.txt/#2
Diff. num of tokens in EN & CH annot:	raw-data/long-text/Kanakanavu_Kanakanavu/kkvNr_farming_Muu.mp3.txt/#11
Diff. num of tokens in EN & CH annot:	raw-data/long-text/Kanakanavu_Kanakanavu/kkvNr_farming_Muu.mp3.txt/#28
Diff. num of tokens in EN & CH annot:	raw-data/long-text/Kanakanavu_Kanakanavu/kkvNr_farming_Muu.mp3.txt/#44
Diff. num of tokens in EN & CH annot:	raw-data/long-text/Kanakanavu_Kanakanavu/kkvNr_farming_Muu.mp3.txt/#83
Diff. num of tokens in EN & CH annot:	raw-data/long-text/Kanakanavu_Kanakanavu/kkvNr_farming_Muu.mp3.txt/#93
Diff. num of tokens in EN & CH annot:	raw-data/long-text/Kanakanavu_Kanakanavu/kkvNr_farming_Muu.mp3.txt/#103
Diff. num of tokens in EN & CH annot:	raw-data/long-text/Kanakanavu_Kanakanavu/kkvNr_farming_Muu.mp3.txt/#116
Diff. num of tokens in EN & CH annot:	raw-data/long-text/Kanakanavu_Kanakanavu/kkvNr_farming_Muu.mp3.txt/#140
Diff. num of tokens in EN & CH annot:	raw-data/long-text/Kanakanavu_Kanakanavu/kkvNr_farming_Muu.mp3.txt/#154
Diff. num of tokens in EN & CH annot:	raw-data/long-text/Kanakanavu_Kanakanavu/kkvNr_hunting_taboos_Angai.mp3.txt/#76
Diff. num of tokens in EN & CH annot:	raw-data/long-text/Kanakanavu_Kanakanavu/kkvNr_hunting1_Muu.mp3.txt/#42
Diff. num of tokens in EN & CH annot:	raw-data/long-text/Kanakanavu_Kanakanavu/kkvNr_hunting1_Muu.mp3.txt/#59
Diff. num of tokens in EN & CH annot:	raw-data/long-text/Kanakanavu_Kanakanavu/kkvNr_hunting1_Muu.mp3.txt/#80
Diff. num of tokens in EN & CH annot:	raw-data/long-text/Kanakanavu_Kanakanavu/kkvNr_hunting1_Muu.mp3.txt/#81
Diff. num of tokens in EN & CH annot:	raw-data/long-text/Kanakanavu_Kanakanavu/kkvNr_hunting1_Muu.mp3.txt/#113
INVALID GLOSS formatting:				raw-data/long-text/Kanakanavu_Kanakanavu/kkvNr_sowing_Kuatu.mp3.txt/#59
Diff. num of tokens in EN & CH annot:	raw-data/long-text/Kanakanavu_Kanakanavu/kkvNr-frogstory_angai.mp3.txt/#3
Diff. num of tokens in EN & CH annot:	raw-data/long-text/Kanakanavu_Kanakanavu/kkvNr-frogstory_angai.mp3.txt/#42
Diff. num of tokens in EN & CH annot:	raw-data/long-text/Kanakanavu_Kanakanavu/kkvNr-frogstory_angai.mp3.txt/#45
Diff. num of tokens in EN & CH annot:	raw-data/long-text/Kanakanavu_Kanakanavu/kkvNr-frogstory_angai.mp3.txt/#46
Diff. num of tokens in EN & CH annot:	raw-data/long-text/Kanakanavu_Kanakanavu/kkvNr-frogstory_angai.mp3.txt/#47
Diff. num of tokens in EN & CH annot:	raw-data/long-text/Kanakanavu_Kanakanavu/kkvNr-frogstory_angai.mp3.txt/#54
Diff. num of tokens in EN & CH annot:	raw-data/long-text/Kanakanavu_Kanakanavu/kkvNr-frogstory_angai.mp3.txt/#69
Diff. num of tokens in EN & CH annot:	raw-data/long-text/Kanakanavu_Kanakanavu/kkvNr-frogstory_angai.mp3.txt/#95
Diff. num of tokens in EN & CH annot:	raw-data/long-text/Kanakanavu_Kanakanavu/kkvNr-frogstory_angai.mp3.txt/#96
Diff. num of tokens in EN & CH annot:	raw-data/long-text/Kanakanavu_Kanakanavu/kkvNr-frogstory_angai.mp3.txt/#100
Diff. num of tokens in EN & CH annot:	raw-data/long-text/Kanakanavu_Kanakanavu/kkvNr-frogstory_angai.mp3.txt/#101
Diff. num of tokens in EN & CH annot:	raw-data/long-text/Kanakanavu_Kanakanavu/kkvNr-frogstory_angai.mp3.txt/#119
Diff. num of tokens in EN & CH annot:	raw-data/long-text/Kanakanavu_Kanakanavu/kkvNr-frogstory_angai.mp3.txt/#123
Diff. num of tokens in EN & CH annot:	raw-data/long-text/Kanakanavu_Kanakanavu/kkvNr-frogstory_angai.mp3.txt/#167
Diff. num of tokens in EN & CH annot:	raw-data/long-text/Kanakanavu_Kanakanavu/kkvNr-frogstory_angai.mp3.txt/#186
Diff. num of tokens in EN & CH annot:	raw-data/long-text/Kanakanavu_Kanakanavu/kkvNr-frogstory_angai.mp3.txt/#204
Diff. num of tokens in EN & CH annot:	raw-data/long-text/Kanakanavu_Kanakanavu/kkvNr-frogstory_angai.mp3.txt/#221
Diff. num of tokens in EN & CH annot:	raw-data/long-text/Kanakanavu_Kanakanavu/kkvNr-frogstory_angai.mp3.txt/#235
Diff. num of tokens in EN & CH annot:	raw-data/long-text/Kanakanavu_Kanakanavu/kkvNr-frogstory_angai.mp3.txt/#323
Diff. num of tokens in EN & CH annot:	raw-data/long-text/Kanakanavu_Kanakanavu/kkvNr-frogstory_angai.mp3.txt/#328
Diff. num of tokens in EN & CH annot:	raw-data/long-text/Kanakanavu_Kanakanavu/kkvNr-frogstory_angai.mp3.txt/#382
Diff. num of tokens in EN & CH annot:	raw-data/long-text/Kanakanavu_Kanakanavu/kkvNr-fishing_Muu.mp3.txt/#178
Diff. num of tokens in EN & CH annot:	raw-data/long-text/Kanakanavu_Kanakanavu/kkvNr-fishing_Muu.mp3.txt/#249
Diff. num of tokens in EN & CH annot:	raw-data/long-text/Kanakanavu_Kanakanavu/kkvNr_domestic_troubles_Muu.mp3.txt/#161
Diff. num of tokens in EN & CH annot:	raw-data/long-text/Kanakanavu_Kanakanavu/kkvNr_millet_Muu.mp3.txt/#1
Diff. num of tokens in EN & CH annot:	raw-data/long-text/Kanakanavu_Kanakanavu/kkvNr_millet_Muu.mp3.txt/#15
Diff. num of tokens in EN & CH annot:	raw-data/long-text/Kanakanavu_Kanakanavu/kkvNr_millet_Muu.mp3.txt/#129
Diff. num of tokens in EN & CH annot:	raw-data/long-text/Kanakanavu_Kanakanavu/kkvNr_millet_Muu.mp3.txt/#132
Diff. num of tokens in EN & CH annot:	raw-data/long-text/Atayal_Mayrinax/AtaNr-hunting3_Takun.mp3.txt/#1
Diff. num of tokens in EN & CH annot:	raw-data/long-text/Atayal_Mayrinax/AtaNr-hunting3_Takun.mp3.txt/#16
Diff. num of tokens in EN & CH annot:	raw-data/long-text/Atayal_Mayrinax/AtaNr-hunting3_Takun.mp3.txt/#25
Diff. num of tokens in EN & CH annot:	raw-data/long-text/Atayal_Mayrinax/AtaNr-hunting3_Takun.mp3.txt/#50
Diff. num of tokens in EN & CH annot:	raw-data/long-text/Atayal_Mayrinax/AtaNr-hunting3_Takun.mp3.txt/#64
Diff. num of tokens in EN & CH annot:	raw-data/long-text/Atayal_Mayrinax/AtaNr-moving_Takun.mp3.txt/#34
Diff. num of tokens in EN & CH annot:	raw-data/long-text/Atayal_Mayrinax/AtaNr-moving_Takun.mp3.txt/#144
Diff. num of tokens in EN & CH annot:	raw-data/long-text/Atayal_Mayrinax/AtaNr-dailylife3_Tauyu.mp3.txt/#26
Diff. num of tokens in EN & CH annot:	raw-data/long-text/Atayal_Mayrinax/AtaNr-dailylife3_Tauyu.mp3.txt/#27
Diff. num of tokens in EN & CH annot:	raw-data/long-text/Atayal_Mayrinax/AtaNr-dailylife3_Tauyu.mp3.txt/#39
INVALID GLOSS formatting:				raw-data/long-text/Atayal_Mayrinax/AtaNr-dailylife3_Tauyu.mp3.txt/#40
Diff. num of tokens in EN & CH annot:	raw-data/long-text/Atayal_Mayrinax/AtaNr-dailylife3_Tauyu.mp3.txt/#41
Diff. num of tokens in EN & CH annot:	raw-data/long-text/Atayal_Mayrinax/AtaNr-dailylife3_Tauyu.mp3.txt/#52
Diff. num of tokens in EN & CH annot:	raw-data/long-text/Atayal_Mayrinax/AtaNr-dailylife3_Tauyu.mp3.txt/#55
Diff. num of tokens in EN & CH annot:	raw-data/long-text/Atayal_Mayrinax/AtaNr-dailylife3_Tauyu.mp3.txt/#73
Diff. num of tokens in EN & CH annot:	raw-data/long-text/Atayal_Mayrinax/AtaNr-dailylife3_Tauyu.mp3.txt/#74
Diff. num of tokens in EN & CH annot:	raw-data/long-text/Atayal_Mayrinax/AtaNr-weaving_Kagaw.mp3.txt/#6
Diff. num of tokens in EN & CH annot:	raw-data/long-text/Atayal_Mayrinax/AtaNr-weaving_Kagaw.mp3.txt/#10
Diff. num of tokens in EN & CH annot:	raw-data/long-text/Atayal_Mayrinax/AtaNr-weaving_Kagaw.mp3.txt/#27
Diff. num of tokens in EN & CH annot:	raw-data/long-text/Atayal_Mayrinax/AtaNr-weaving_Kagaw.mp3.txt/#29
Diff. num of tokens in EN & CH annot:	raw-data/long-text/Atayal_Mayrinax/AtaNr-weaving_Kagaw.mp3.txt/#71
Diff. num of tokens in EN & CH annot:	raw-data/long-text/Atayal_Mayrinax/AtaNr-hunting2_Buyung.mp3.txt/#20
Diff. num of tokens in EN & CH annot:	raw-data/long-text/Atayal_Mayrinax/AtaNr-hunting2_Buyung.mp3.txt/#45
Diff. num of tokens in EN & CH annot:	raw-data/long-text/Atayal_Mayrinax/AtaNr-hunting2_Buyung.mp3.txt/#54
Diff. num of tokens in EN & CH annot:	raw-data/long-text/Atayal_Mayrinax/AtaNr-hunting2_Buyung.mp3.txt/#65
Diff. num of tokens in EN & CH annot:	raw-data/long-text/Atayal_Mayrinax/AtaNr-hunting2_Buyung.mp3.txt/#85
Diff. num of tokens in EN & CH annot:	raw-data/long-text/Atayal_Mayrinax/AtaNr-sowing_Kainu.mp3.txt/#15
Diff. num of tokens in EN & CH annot:	raw-data/long-text/Atayal_Mayrinax/AtaNr-sowing_Kainu.mp3.txt/#95
Diff. num of tokens in EN & CH annot:	raw-data/long-text/Atayal_Mayrinax/AtaNr-sowing_Kainu.mp3.txt/#130
Diff. num of tokens in EN & CH annot:	raw-data/long-text/Atayal_Mayrinax/AtaNr-hunting1_Kainu.mp3.txt/#36
Diff. num of tokens in EN & CH annot:	raw-data/long-text/Atayal_Mayrinax/AtaNr-hunting1_Kainu.mp3.txt/#88
Diff. num of tokens in EN & CH annot:	raw-data/long-text/Atayal_Mayrinax/AtaNr-hunting1_Kainu.mp3.txt/#91
Diff. num of tokens in EN & CH annot:	raw-data/long-text/Atayal_Mayrinax/AtaNr-proposal_Takun.mp3.txt/#14
Diff. num of tokens in EN & CH annot:	raw-data/long-text/Atayal_Mayrinax/AtaNr-proposal_Takun.mp3.txt/#47
Diff. num of tokens in EN & CH annot:	raw-data/long-text/Atayal_Mayrinax/AtaNr-proposal_Takun.mp3.txt/#50
Diff. num of tokens in EN & CH annot:	raw-data/long-text/Atayal_Mayrinax/AtaNr-proposal_Takun.mp3.txt/#71
Diff. num of tokens in EN & CH annot:	raw-data/long-text/Atayal_Mayrinax/AtaNr-proposal_Takun.mp3.txt/#78
Diff. num of tokens in EN & CH annot:	raw-data/long-text/Atayal_Mayrinax/AtaNr-proposal_Takun.mp3.txt/#91
Diff. num of tokens in EN & CH annot:	raw-data/long-text/Atayal_Mayrinax/AtaNr-proposal_Takun.mp3.txt/#144
Diff. num of tokens in EN & CH annot:	raw-data/long-text/Atayal_Mayrinax/AtaNr-moving_Kainu.mp3.txt/#19
Diff. num of tokens in EN & CH annot:	raw-data/long-text/Atayal_Mayrinax/AtaNr-moving_Kainu.mp3.txt/#61
Diff. num of tokens in EN & CH annot:	raw-data/long-text/Atayal_Mayrinax/AtaNr-moving_Kainu.mp3.txt/#72
Diff. num of tokens in EN & CH annot:	raw-data/long-text/Atayal_Mayrinax/AtaNr-moving_Kainu.mp3.txt/#154
Diff. num of tokens in EN & CH annot:	raw-data/long-text/Atayal_Mayrinax/AtaNr-moving_Kainu.mp3.txt/#159
Diff. num of tokens in EN & CH annot:	raw-data/long-text/Atayal_Mayrinax/AtaNr-moving_Kainu.mp3.txt/#190
Diff. num of tokens in EN & CH annot:	raw-data/long-text/Atayal_Mayrinax/AtaNr-moving_Kainu.mp3.txt/#198
Diff. num of tokens in EN & CH annot:	raw-data/long-text/Rukai_Vedai/RukaiNr-pear_Balenge.mp3.txt/#4
Diff. num of tokens in EN & CH annot:	raw-data/long-text/Rukai_Vedai/RukaiNr-pear_Balenge.mp3.txt/#41
Diff. num of tokens in EN & CH annot:	raw-data/long-text/Rukai_Vedai/RukaiNr-pear_Balenge.mp3.txt/#45
Diff. num of tokens in EN & CH annot:	raw-data/long-text/Rukai_Vedai/RukaiNr-pear_Balenge.mp3.txt/#48
Diff. num of tokens in EN & CH annot:	raw-data/long-text/Rukai_Vedai/RukaiNr-pear_Balenge.mp3.txt/#50
Diff. num of tokens in EN & CH annot:	raw-data/long-text/Rukai_Vedai/RukaiNr-pear_Balenge.mp3.txt/#53
Diff. num of tokens in EN & CH annot:	raw-data/long-text/Rukai_Vedai/RukaiNr-pear_Balenge.mp3.txt/#55
Diff. num of tokens in EN & CH annot:	raw-data/long-text/Rukai_Vedai/RukaiNr-pear_Balenge.mp3.txt/#59
Diff. num of tokens in EN & CH annot:	raw-data/long-text/Rukai_Vedai/RukaiNr-pear_Balenge.mp3.txt/#64
Diff. num of tokens in EN & CH annot:	raw-data/long-text/Rukai_Vedai/RukaiNr-pear_Balenge.mp3.txt/#85
Diff. num of tokens in EN & CH annot:	raw-data/long-text/Rukai_Vedai/RukaiNr-pear_Balenge.mp3.txt/#89
INVALID GLOSS formatting:				raw-data/long-text/Rukai_Vedai/RukaiNr-pear_Balenge.mp3.txt/#109
Diff. num of tokens in EN & CH annot:	raw-data/long-text/Rukai_Vedai/RukaiNr-pear_Balenge.mp3.txt/#115
Diff. num of tokens in EN & CH annot:	raw-data/long-text/Rukai_Vedai/RukaiNr-ghost lake_Balenge.mp3.txt/#29
INVALID GLOSS formatting:				raw-data/long-text/Rukai_Vedai/RukaiNr-ghost lake_Balenge.mp3.txt/#55
Diff. num of tokens in EN & CH annot:	raw-data/long-text/Rukai_Vedai/RukaiNr-work by men and women_taugadhu.mp3.txt/#11
Diff. num of tokens in EN & CH annot:	raw-data/long-text/Rukai_Vedai/RukaiNr-work by men and women_taugadhu.mp3.txt/#28
Diff. num of tokens in EN & CH annot:	raw-data/long-text/Rukai_Vedai/RukaiNr-work by men and women_taugadhu.mp3.txt/#52
Diff. num of tokens in EN & CH annot:	raw-data/long-text/Rukai_Vedai/RukaiNr-work by men and women_taugadhu.mp3.txt/#63
Diff. num of tokens in EN & CH annot:	raw-data/long-text/Rukai_Vedai/RukaiNr-work by men and women_taugadhu.mp3.txt/#82
Diff. num of tokens in EN & CH annot:	raw-data/long-text/Rukai_Vedai/RukaiNr-work by men and women_taugadhu.mp3.txt/#86
INVALID GLOSS formatting:				raw-data/long-text/Rukai_Vedai/RukaiNr-work by men and women_taugadhu.mp3.txt/#117
Diff. num of tokens in EN & CH annot:	raw-data/long-text/Rukai_Vedai/RukaiNr-work by men and women_taugadhu.mp3.txt/#148
Diff. num of tokens in EN & CH annot:	raw-data/long-text/Rukai_Vedai/RukaiNr-work by men and women_taugadhu.mp3.txt/#188
Diff. num of tokens in EN & CH annot:	raw-data/long-text/Rukai_Vedai/RukaiNr-work by men and women_taugadhu.mp3.txt/#192
Diff. num of tokens in EN & CH annot:	raw-data/long-text/Rukai_Vedai/RukaiNr-work by men and women_taugadhu.mp3.txt/#208
Diff. num of tokens in EN & CH annot:	raw-data/long-text/Rukai_Vedai/RukaiNr-work by men and women_taugadhu.mp3.txt/#210
Diff. num of tokens in EN & CH annot:	raw-data/long-text/Rukai_Vedai/RukaiNr-work by men and women_taugadhu.mp3.txt/#234
Diff. num of tokens in EN & CH annot:	raw-data/long-text/Rukai_Vedai/RukaiNr-work by men and women_taugadhu.mp3.txt/#243
Diff. num of tokens in EN & CH annot:	raw-data/long-text/Rukai_Vedai/RukaiNr-work by men and women_taugadhu.mp3.txt/#246
Diff. num of tokens in EN & CH annot:	raw-data/long-text/Rukai_Vedai/RukaiNr-childhood_balenge.mp3.txt/#4
Diff. num of tokens in EN & CH annot:	raw-data/long-text/Rukai_Vedai/RukaiNr-childhood_balenge.mp3.txt/#6
Diff. num of tokens in EN & CH annot:	raw-data/long-text/Rukai_Vedai/RukaiNr-childhood_balenge.mp3.txt/#10
Diff. num of tokens in EN & CH annot:	raw-data/long-text/Rukai_Vedai/RukaiNr-childhood_balenge.mp3.txt/#11
Diff. num of tokens in EN & CH annot:	raw-data/long-text/Rukai_Vedai/RukaiNr-childhood_balenge.mp3.txt/#40
Diff. num of tokens in EN & CH annot:	raw-data/long-text/Rukai_Vedai/RukaiNr-childhood_balenge.mp3.txt/#41
Diff. num of tokens in EN & CH annot:	raw-data/long-text/Rukai_Vedai/RukaiNr-childhood_balenge.mp3.txt/#44
Diff. num of tokens in EN & CH annot:	raw-data/long-text/Rukai_Vedai/RukaiNr-childhood_balenge.mp3.txt/#47
Diff. num of tokens in EN & CH annot:	raw-data/long-text/Rukai_Vedai/RukaiNr-childhood_balenge.mp3.txt/#48
Diff. num of tokens in EN & CH annot:	raw-data/long-text/Rukai_Vedai/RukaiNr-childhood_balenge.mp3.txt/#69
Diff. num of tokens in EN & CH annot:	raw-data/long-text/Rukai_Vedai/RukaiNr-childhood_balenge.mp3.txt/#94
Diff. num of tokens in EN & CH annot:	raw-data/long-text/Rukai_Vedai/RukaiNr-childhood_balenge.mp3.txt/#175
INVALID GLOSS formatting:				raw-data/long-text/Rukai_Vedai/RukaiNr-becenge_tagas.mp3.txt/#10
Diff. num of tokens in EN & CH annot:	raw-data/long-text/Rukai_Vedai/RukaiNr-becenge_tagas.mp3.txt/#33
Diff. num of tokens in EN & CH annot:	raw-data/long-text/Rukai_Vedai/RukaiNr-becenge_tagas.mp3.txt/#46
INVALID GLOSS formatting:				raw-data/long-text/Rukai_Vedai/RukaiNr-becenge_tagas.mp3.txt/#57
Diff. num of tokens in EN & CH annot:	raw-data/long-text/Rukai_Vedai/RukaiNr-becenge_tagas.mp3.txt/#59
Diff. num of tokens in EN & CH annot:	raw-data/long-text/Rukai_Vedai/RukaiNr-pear_tagas.mp3.txt/#30
Diff. num of tokens in EN & CH annot:	raw-data/long-text/Rukai_Vedai/RukaiNr-pear_tagas.mp3.txt/#42
Diff. num of tokens in EN & CH annot:	raw-data/long-text/Rukai_Vedai/RukaiNr-marriage ceremony_taugadha.mp3.txt/#4
Diff. num of tokens in EN & CH annot:	raw-data/long-text/Rukai_Vedai/RukaiNr-marriage ceremony_taugadha.mp3.txt/#42
Diff. num of tokens in EN & CH annot:	raw-data/long-text/Rukai_Vedai/RukaiNr-marriage ceremony_taugadha.mp3.txt/#44
Diff. num of tokens in EN & CH annot:	raw-data/long-text/Rukai_Vedai/RukaiNr-marriage ceremony_taugadha.mp3.txt/#47
Diff. num of tokens in EN & CH annot:	raw-data/long-text/Rukai_Vedai/RukaiNr-marriage ceremony_taugadha.mp3.txt/#79
Diff. num of tokens in EN & CH annot:	raw-data/long-text/Rukai_Vedai/RukaiNr-marriage ceremony_taugadha.mp3.txt/#125
Diff. num of tokens in EN & CH annot:	raw-data/long-text/Rukai_Vedai/RukaiNr-marriage ceremony_taugadha.mp3.txt/#146
Diff. num of tokens in EN & CH annot:	raw-data/long-text/Rukai_Vedai/RukaiNr-marriage ceremony_taugadha.mp3.txt/#151
INVALID GLOSS formatting:				raw-data/long-text/Rukai_Vedai/RukaiNr-marriage ceremony_taugadha.mp3.txt/#170
Diff. num of tokens in EN & CH annot:	raw-data/long-text/Rukai_Vedai/RukaiNr-marriage ceremony_taugadha.mp3.txt/#177
Diff. num of tokens in EN & CH annot:	raw-data/long-text/Rukai_Vedai/RukaiNr-marriage ceremony_taugadha.mp3.txt/#193
INVALID GLOSS formatting:				raw-data/long-text/Rukai_Vedai/RukaiNr-marriage ceremony_taugadha.mp3.txt/#197
Diff. num of tokens in EN & CH annot:	raw-data/long-text/Rukai_Vedai/RukaiNr-marriage ceremony_taugadha.mp3.txt/#203
Diff. num of tokens in EN & CH annot:	raw-data/long-text/Rukai_Vedai/RukaiNr-marriage ceremony_taugadha.mp3.txt/#207
Diff. num of tokens in EN & CH annot:	raw-data/long-text/Rukai_Vedai/RukaiNr-marriage ceremony_taugadha.mp3.txt/#219
Diff. num of tokens in EN & CH annot:	raw-data/long-text/Rukai_Vedai/RukaiNr-marriage ceremony_taugadha.mp3.txt/#235
Diff. num of tokens in EN & CH annot:	raw-data/long-text/Rukai_Vedai/RukaiNr-marriage ceremony_taugadha.mp3.txt/#236
Diff. num of tokens in EN & CH annot:	raw-data/long-text/Rukai_Vedai/RukaiNr-marriage ceremony_taugadha.mp3.txt/#247
Diff. num of tokens in EN & CH annot:	raw-data/long-text/Rukai_Vedai/RukaiNr-marriage ceremony_taugadha.mp3.txt/#260
Diff. num of tokens in EN & CH annot:	raw-data/long-text/Rukai_Vedai/RukaiNr-marriage ceremony_taugadha.mp3.txt/#262
Diff. num of tokens in EN & CH annot:	raw-data/long-text/Rukai_Vedai/RukaiNr-pear_salrabu.mp3.txt/#28
Diff. num of tokens in EN & CH annot:	raw-data/long-text/Rukai_Vedai/RukaiNr-pear_salrabu.mp3.txt/#38
Diff. num of tokens in EN & CH annot:	raw-data/long-text/Rukai_Vedai/RukaiNr-pear_salrabu.mp3.txt/#47
Diff. num of tokens in EN & CH annot:	raw-data/long-text/Rukai_Vedai/RukaiNr-pear_salrabu.mp3.txt/#56
Diff. num of tokens in EN & CH annot:	raw-data/long-text/Rukai_Vedai/RukaiNr-naming_taugadhu.mp3.txt/#70
Diff. num of tokens in EN & CH annot:	raw-data/long-text/Rukai_Vedai/RukaiNr-naming_taugadhu.mp3.txt/#72
Diff. num of tokens in EN & CH annot:	raw-data/long-text/Rukai_Vedai/RukaiNr-naming_taugadhu.mp3.txt/#121
Diff. num of tokens in EN & CH annot:	raw-data/long-text/Rukai_Vedai/RukaiNr-naming_taugadhu.mp3.txt/#130
Diff. num of tokens in EN & CH annot:	raw-data/long-text/Rukai_Vedai/RukaiNr-naming_taugadhu.mp3.txt/#217
Diff. num of tokens in EN & CH annot:	raw-data/long-text/Rukai_Vedai/RukaiNr-naming_taugadhu.mp3.txt/#243
Diff. num of tokens in EN & CH annot:	raw-data/long-text/Rukai_Vedai/RukaiNr-naming_taugadhu.mp3.txt/#260
INVALID GLOSS formatting:				raw-data/long-text/Rukai_Vedai/RukaiNr-naming_taugadhu.mp3.txt/#262
Diff. num of tokens in EN & CH annot:	raw-data/long-text/Rukai_Vedai/RukaiNr-naming_taugadhu.mp3.txt/#264
Diff. num of tokens in EN & CH annot:	raw-data/long-text/Rukai_Vedai/RukaiNr-naming_taugadhu.mp3.txt/#316
Diff. num of tokens in EN & CH annot:	raw-data/long-text/Rukai_Vedai/RukaiNr-naming_taugadhu.mp3.txt/#348
Diff. num of tokens in EN & CH annot:	raw-data/long-text/Rukai_Vedai/RukaiNr-naming_taugadhu.mp3.txt/#351
Diff. num of tokens in EN & CH annot:	raw-data/long-text/Rukai_Vedai/RukaiNr-naming_taugadhu.mp3.txt/#353
Diff. num of tokens in EN & CH annot:	raw-data/long-text/Rukai_Vedai/RukaiNr-pear_wauki.mp3.txt/#1
Diff. num of tokens in EN & CH annot:	raw-data/long-text/Rukai_Vedai/RukaiNr-pear_wauki.mp3.txt/#6
Diff. num of tokens in EN & CH annot:	raw-data/long-text/Rukai_Vedai/RukaiNr-pear_wauki.mp3.txt/#7
Diff. num of tokens in EN & CH annot:	raw-data/long-text/Rukai_Vedai/RukaiNr-pear_wauki.mp3.txt/#12
Diff. num of tokens in EN & CH annot:	raw-data/long-text/Rukai_Vedai/RukaiNr-pear_wauki.mp3.txt/#18
Diff. num of tokens in EN & CH annot:	raw-data/long-text/Rukai_Vedai/RukaiNr-pear_wauki.mp3.txt/#20
Diff. num of tokens in EN & CH annot:	raw-data/long-text/Rukai_Vedai/RukaiNr-pear_wauki.mp3.txt/#22
Diff. num of tokens in EN & CH annot:	raw-data/long-text/Rukai_Vedai/RukaiNr-pear_wauki.mp3.txt/#62
Diff. num of tokens in EN & CH annot:	raw-data/long-text/Rukai_Vedai/RukaiNr-pear_wauki.mp3.txt/#70
INVALID GLOSS formatting:				raw-data/long-text/Rukai_Vedai/RukaiNr-frog_salabu.mp3.txt/#14
Diff. num of tokens in EN & CH annot:	raw-data/long-text/Rukai_Vedai/RukaiNr-frog_salabu.mp3.txt/#17
Diff. num of tokens in EN & CH annot:	raw-data/long-text/Rukai_Vedai/RukaiNr-frog_salabu.mp3.txt/#28
INVALID GLOSS formatting:				raw-data/long-text/Rukai_Vedai/RukaiNr-frog_salabu.mp3.txt/#29
INVALID GLOSS formatting:				raw-data/long-text/Rukai_Vedai/RukaiNr-frog_salabu.mp3.txt/#30
Diff. num of tokens in EN & CH annot:	raw-data/long-text/Rukai_Vedai/RukaiNr-frog_salabu.mp3.txt/#73
INVALID GLOSS formatting:				raw-data/long-text/Rukai_Vedai/RukaiNr-frog_salabu.mp3.txt/#138
Diff. num of tokens in EN & CH annot:	raw-data/long-text/Rukai_Vedai/RukaiNr-frog_salabu.mp3.txt/#139
Diff. num of tokens in EN & CH annot:	raw-data/long-text/Rukai_Vedai/RukaiNr-swing_taugadhu.mp3.txt/#3
Diff. num of tokens in EN & CH annot:	raw-data/long-text/Rukai_Vedai/RukaiNr-swing_taugadhu.mp3.txt/#12
Diff. num of tokens in EN & CH annot:	raw-data/long-text/Rukai_Vedai/RukaiNr-swing_taugadhu.mp3.txt/#14
Diff. num of tokens in EN & CH annot:	raw-data/long-text/Rukai_Vedai/RukaiNr-swing_taugadhu.mp3.txt/#18
Diff. num of tokens in EN & CH annot:	raw-data/long-text/Rukai_Vedai/RukaiNr-swing_taugadhu.mp3.txt/#22
Diff. num of tokens in EN & CH annot:	raw-data/long-text/Rukai_Vedai/RukaiNr-swing_taugadhu.mp3.txt/#34
Diff. num of tokens in EN & CH annot:	raw-data/long-text/Rukai_Vedai/RukaiNr-swing_taugadhu.mp3.txt/#42
Diff. num of tokens in EN & CH annot:	raw-data/long-text/Rukai_Vedai/RukaiNr-swing_taugadhu.mp3.txt/#48
Diff. num of tokens in EN & CH annot:	raw-data/long-text/Rukai_Vedai/RukaiNr-swing_taugadhu.mp3.txt/#50
Diff. num of tokens in EN & CH annot:	raw-data/long-text/Rukai_Vedai/RukaiNr-swing_taugadhu.mp3.txt/#54
Diff. num of tokens in EN & CH annot:	raw-data/long-text/Rukai_Vedai/RukaiNr-swing_taugadhu.mp3.txt/#59
Diff. num of tokens in EN & CH annot:	raw-data/long-text/Rukai_Vedai/RukaiNr-swing_taugadhu.mp3.txt/#61
Diff. num of tokens in EN & CH annot:	raw-data/long-text/Rukai_Vedai/RukaiNr-swing_taugadhu.mp3.txt/#75
Diff. num of tokens in EN & CH annot:	raw-data/long-text/Rukai_Vedai/RukaiNr-swing_taugadhu.mp3.txt/#77
Diff. num of tokens in EN & CH annot:	raw-data/long-text/Rukai_Vedai/RukaiNr-swing_taugadhu.mp3.txt/#86
Diff. num of tokens in EN & CH annot:	raw-data/long-text/Rukai_Vedai/RukaiNr-swing_taugadhu.mp3.txt/#95
Diff. num of tokens in EN & CH annot:	raw-data/long-text/Rukai_Vedai/RukaiNr-swing_taugadhu.mp3.txt/#98
Diff. num of tokens in EN & CH annot:	raw-data/long-text/Rukai_Vedai/RukaiNr-swing_taugadhu.mp3.txt/#106
Diff. num of tokens in EN & CH annot:	raw-data/long-text/Rukai_Vedai/RukaiNr-swing_taugadhu.mp3.txt/#127
Diff. num of tokens in EN & CH annot:	raw-data/long-text/Rukai_Vedai/RukaiNr-swing_taugadhu.mp3.txt/#157
Diff. num of tokens in EN & CH annot:	raw-data/long-text/Rukai_Vedai/RukaiNr-swing_taugadhu.mp3.txt/#160
Diff. num of tokens in EN & CH annot:	raw-data/long-text/Rukai_Vedai/RukaiNr-swing_taugadhu.mp3.txt/#166
Diff. num of tokens in EN & CH annot:	raw-data/long-text/Rukai_Vedai/RukaiNr-swing_taugadhu.mp3.txt/#185
Diff. num of tokens in EN & CH annot:	raw-data/long-text/Rukai_Vedai/RukaiNr-swing_taugadhu.mp3.txt/#188
Diff. num of tokens in EN & CH annot:	raw-data/long-text/Rukai_Vedai/RukaiNr-swing_taugadhu.mp3.txt/#189
Diff. num of tokens in EN & CH annot:	raw-data/long-text/Rukai_Vedai/RukaiNr-swing_taugadhu.mp3.txt/#193
INVALID GLOSS formatting:				raw-data/long-text/Rukai_Vedai/RukaiNr-swing_taugadhu.mp3.txt/#198
Diff. num of tokens in EN & CH annot:	raw-data/long-text/Rukai_Vedai/RukaiNr-swing_taugadhu.mp3.txt/#218
Diff. num of tokens in EN & CH annot:	raw-data/long-text/Rukai_Vedai/RukaiNr-swing_taugadhu.mp3.txt/#218
Diff. num of tokens in EN & CH annot:	raw-data/long-text/Rukai_Vedai/RukaiNr-swing_taugadhu.mp3.txt/#229
Diff. num of tokens in EN & CH annot:	raw-data/long-text/Rukai_Vedai/RukaiNr-swing_taugadhu.mp3.txt/#231
Diff. num of tokens in EN & CH annot:	raw-data/long-text/Rukai_Vedai/RukaiNr-frog_legaile.mp3.txt/#108
Diff. num of tokens in EN & CH annot:	raw-data/long-text/Rukai_Vedai/RukaiNr-frog_legaile.mp3.txt/#112
Diff. num of tokens in EN & CH annot:	raw-data/long-text/Rukai_Vedai/RukaiNr-frog_legaile.mp3.txt/#123
Diff. num of tokens in EN & CH annot:	raw-data/long-text/Rukai_Vedai/RukaiNr-frog_legaile.mp3.txt/#156
Diff. num of tokens in EN & CH annot:	raw-data/long-text/Rukai_Vedai/RukaiNr-frog_legaile.mp3.txt/#163
INVALID GLOSS formatting:				raw-data/long-text/Rukai_Vedai/RukaiNr-frog_legaile.mp3.txt/#188
INVALID GLOSS formatting:				raw-data/long-text/Rukai_Vedai/RukaiNr-frog_legaile.mp3.txt/#189
Diff. num of tokens in EN & CH annot:	raw-data/long-text/Rukai_Vedai/RukaiNr-frog_legaile.mp3.txt/#190
Diff. num of tokens in EN & CH annot:	raw-data/long-text/Rukai_Vedai/RukaiNr-pear_legaile.mp3.txt/#22
Diff. num of tokens in EN & CH annot:	raw-data/long-text/Rukai_Vedai/RukaiNr-pear_legaile.mp3.txt/#36
Diff. num of tokens in EN & CH annot:	raw-data/long-text/Rukai_Vedai/RukaiNr-pear_legaile.mp3.txt/#41
INVALID GLOSS formatting:				raw-data/long-text/Rukai_Vedai/RukaiNr-pear_legaile.mp3.txt/#42
INVALID GLOSS formatting:				raw-data/long-text/Rukai_Vedai/RukaiNr-pear_legaile.mp3.txt/#43
INVALID GLOSS formatting:				raw-data/long-text/Rukai_Vedai/RukaiNr-pear_legaile.mp3.txt/#54
Diff. num of tokens in EN & CH annot:	raw-data/long-text/Rukai_Vedai/RukaiNr-pear_legaile.mp3.txt/#56
Diff. num of tokens in EN & CH annot:	raw-data/long-text/Rukai_Vedai/RukaiNr-pear_legaile.mp3.txt/#62
Diff. num of tokens in EN & CH annot:	raw-data/long-text/Rukai_Vedai/RukaiNr-pear_legaile.mp3.txt/#81
Diff. num of tokens in EN & CH annot:	raw-data/long-text/Rukai_Vedai/RukaiNr-pear_legaile.mp3.txt/#89
INVALID GLOSS formatting:				raw-data/long-text/Rukai_Vedai/RukaiNr-pear_legaile.mp3.txt/#98
Diff. num of tokens in EN & CH annot:	raw-data/long-text/Rukai_Vedai/RukaiNr-frog_Kainguane.mp3.txt/#26
Diff. num of tokens in EN & CH annot:	raw-data/long-text/Rukai_Vedai/RukaiNr-frog_Kainguane.mp3.txt/#36
Diff. num of tokens in EN & CH annot:	raw-data/long-text/Rukai_Vedai/RukaiNr-frog_Kainguane.mp3.txt/#42
Diff. num of tokens in EN & CH annot:	raw-data/long-text/Rukai_Vedai/RukaiNr-frog_Kainguane.mp3.txt/#72
Diff. num of tokens in EN & CH annot:	raw-data/long-text/Rukai_Vedai/RukaiNr-frog_Kainguane.mp3.txt/#85
Diff. num of tokens in EN & CH annot:	raw-data/long-text/Rukai_Vedai/RukaiNr-frog_Kainguane.mp3.txt/#124
Diff. num of tokens in EN & CH annot:	raw-data/long-text/Rukai_Vedai/RukaiNr-frog_Kainguane.mp3.txt/#141
Diff. num of tokens in EN & CH annot:	raw-data/long-text/Rukai_Vedai/RukaiNr-frog_Kainguane.mp3.txt/#142
Diff. num of tokens in EN & CH annot:	raw-data/long-text/Rukai_Vedai/RukaiNr-frog_Kainguane.mp3.txt/#164
Diff. num of tokens in EN & CH annot:	raw-data/long-text/Rukai_Vedai/RukaiNr-frog_Kainguane.mp3.txt/#168
Diff. num of tokens in EN & CH annot:	raw-data/long-text/Rukai_Vedai/RukaiNr-frog_Kainguane.mp3.txt/#174
Diff. num of tokens in EN & CH annot:	raw-data/long-text/Rukai_Vedai/RukaiNr-frog_Kainguane.mp3.txt/#184
Diff. num of tokens in EN & CH annot:	raw-data/long-text/Rukai_Vedai/RukaiNr-frog_Kainguane.mp3.txt/#196
INVALID GLOSS formatting:				raw-data/long-text/Rukai_Vedai/RukaiNr-frog_Kainguane.mp3.txt/#199
Diff. num of tokens in EN & CH annot:	raw-data/long-text/Rukai_Vedai/RukaiNr-frog_Kainguane.mp3.txt/#226
Diff. num of tokens in EN & CH annot:	raw-data/long-text/Rukai_Vedai/RukaiNr-princess balenge_balenge.mp3.txt/#33
Diff. num of tokens in EN & CH annot:	raw-data/long-text/Rukai_Vedai/RukaiNr-princess balenge_balenge.mp3.txt/#48
Diff. num of tokens in EN & CH annot:	raw-data/long-text/Rukai_Vedai/RukaiNr-princess balenge_balenge.mp3.txt/#62
Diff. num of tokens in EN & CH annot:	raw-data/long-text/Rukai_Vedai/RukaiNr-princess balenge_balenge.mp3.txt/#73
Diff. num of tokens in EN & CH annot:	raw-data/long-text/Rukai_Vedai/RukaiNr-princess balenge_balenge.mp3.txt/#84
Diff. num of tokens in EN & CH annot:	raw-data/long-text/Rukai_Vedai/RukaiNr-princess balenge_balenge.mp3.txt/#110
Diff. num of tokens in EN & CH annot:	raw-data/long-text/Rukai_Vedai/RukaiNr-princess balenge_balenge.mp3.txt/#115
Diff. num of tokens in EN & CH annot:	raw-data/long-text/Rukai_Vedai/RukaiNr-princess balenge_balenge.mp3.txt/#118
Diff. num of tokens in EN & CH annot:	raw-data/long-text/Rukai_Vedai/RukaiNr-princess balenge_balenge.mp3.txt/#130
Diff. num of tokens in EN & CH annot:	raw-data/long-text/Rukai_Vedai/RukaiNr-princess balenge_balenge.mp3.txt/#138
Diff. num of tokens in EN & CH annot:	raw-data/long-text/Rukai_Vedai/RukaiNr-princess balenge_balenge.mp3.txt/#148
Diff. num of tokens in EN & CH annot:	raw-data/long-text/Rukai_Vedai/RukaiNr-princess balenge_balenge.mp3.txt/#162
Diff. num of tokens in EN & CH annot:	raw-data/long-text/Rukai_Vedai/RukaiNr-princess balenge_balenge.mp3.txt/#163
Diff. num of tokens in EN & CH annot:	raw-data/long-text/Rukai_Vedai/RukaiNr-princess balenge_balenge.mp3.txt/#198
Diff. num of tokens in EN & CH annot:	raw-data/long-text/Rukai_Vedai/RukaiNr-princess balenge_balenge.mp3.txt/#207
Diff. num of tokens in EN & CH annot:	raw-data/long-text/Rukai_Vedai/RukaiNr-princess balenge_balenge.mp3.txt/#214
Diff. num of tokens in EN & CH annot:	raw-data/long-text/Rukai_Vedai/RukaiNr-princess balenge_balenge.mp3.txt/#218
Diff. num of tokens in EN & CH annot:	raw-data/long-text/Kavalan_Xinshe/KavCon-relatives_buya_ngengi.mp3.txt/#64
Diff. num of tokens in EN & CH annot:	raw-data/long-text/Kavalan_Xinshe/KavCon-relatives_buya_ngengi.mp3.txt/#64
Diff. num of tokens in EN & CH annot:	raw-data/long-text/Kavalan_Xinshe/KavCon-relatives_buya_ngengi.mp3.txt/#426
Diff. num of tokens in EN & CH annot:	raw-data/long-text/Kavalan_Xinshe/KavCon-relatives_buya_ngengi.mp3.txt/#535
Diff. num of tokens in EN & CH annot:	raw-data/long-text/Kavalan_Xinshe/KavNr-pear_imuy.mp3.txt/#3
INVALID GLOSS formatting:				raw-data/long-text/Kavalan_Xinshe/KavNr-pear_imuy.mp3.txt/#7 
Diff. num of tokens in EN & CH annot:	raw-data/long-text/Kavalan_Xinshe/KavNr-pear_imuy.mp3.txt/#8
Diff. num of tokens in EN & CH annot:	raw-data/long-text/Kavalan_Xinshe/KavNr-frog_api2.mp3.txt/#200
INVALID GLOSS formatting:				raw-data/long-text/Kavalan_Xinshe/KavNr-sea_buya.mp3.txt/#46
Diff. num of tokens in EN & CH annot:	raw-data/long-text/Kavalan_Xinshe/KavNr-frog_abas.mp3.txt/#5
Diff. num of tokens in EN & CH annot:	raw-data/long-text/Kavalan_Xinshe/KavNr-frog_abas.mp3.txt/#24
Diff. num of tokens in EN & CH annot:	raw-data/long-text/Kavalan_Xinshe/KavNr-frog_abas.mp3.txt/#43
Diff. num of tokens in EN & CH annot:	raw-data/long-text/Kavalan_Xinshe/KavNr-frog_abas.mp3.txt/#50
Diff. num of tokens in EN & CH annot:	raw-data/long-text/Kavalan_Xinshe/KavNr-frog_abas.mp3.txt/#134
Diff. num of tokens in EN & CH annot:	raw-data/long-text/Kavalan_Xinshe/KavNr-pear_buya.mp3.txt/#20
Diff. num of tokens in EN & CH annot:	raw-data/long-text/Kavalan_Xinshe/KavNr-pear_buya.mp3.txt/#32
Diff. num of tokens in EN & CH annot:	raw-data/long-text/Kavalan_Xinshe/KavNr-pear_buya.mp3.txt/#39
Diff. num of tokens in EN & CH annot:	raw-data/long-text/Kavalan_Xinshe/KavNr-pear_buya.mp3.txt/#59
Diff. num of tokens in EN & CH annot:	raw-data/long-text/Kavalan_Xinshe/KavNr-pear_buya.mp3.txt/#60
Diff. num of tokens in EN & CH annot:	raw-data/long-text/Kavalan_Xinshe/KavNr-pear_buya.mp3.txt/#75
Diff. num of tokens in EN & CH annot:	raw-data/long-text/Kavalan_Xinshe/KavNr-pear_buya.mp3.txt/#77
Diff. num of tokens in EN & CH annot:	raw-data/long-text/Kavalan_Xinshe/KavNr-pear_buya.mp3.txt/#85
Diff. num of tokens in EN & CH annot:	raw-data/long-text/Kavalan_Xinshe/KavNr-pear_Haciang.mp3.txt/#56
Diff. num of tokens in EN & CH annot:	raw-data/long-text/Kavalan_Xinshe/KavNr-pear_abas.mp3.txt/#12
Diff. num of tokens in EN & CH annot:	raw-data/long-text/Kavalan_Xinshe/KavCon-earthquake_abas_haciang.mp3.txt/#510
Diff. num of tokens in EN & CH annot:	raw-data/long-text/Kavalan_Xinshe/KavCon-earthquake_abas_haciang.mp3.txt/#590
Diff. num of tokens in EN & CH annot:	raw-data/long-text/Kavalan_Xinshe/KavCon-earthquake_abas_haciang.mp3.txt/#717
Diff. num of tokens in EN & CH annot:	raw-data/long-text/Kavalan_Xinshe/KavCon-earthquake_abas_haciang.mp3.txt/#971
Diff. num of tokens in EN & CH annot:	raw-data/long-text/Kavalan_Xinshe/KavNr-frog_buya.mp3.txt/#173
Diff. num of tokens in EN & CH annot:	raw-data/long-text/Kavalan_Xinshe/KavCon-weaving_abas_ipay3.mp3.txt/#169
Diff. num of tokens in EN & CH annot:	raw-data/long-text/Kavalan_Xinshe/KavNr-map_imuy.mp3.txt/#17
Diff. num of tokens in EN & CH annot:	raw-data/long-text/Kavalan_Xinshe/kavCon-speech_buya_syulan.mp3.txt/#206
INVALID GLOSS formatting:				raw-data/long-text/Kavalan_Xinshe/KavNr-frog_imuy2.mp3.txt/#137
Diff. num of tokens in EN & CH annot:	raw-data/long-text/Kavalan_Xinshe/KavNr-frog_imuy2.mp3.txt/#163
Diff. num of tokens in EN & CH annot:	raw-data/long-text/Kavalan_Xinshe/KavNr-frog_imuy2.mp3.txt/#221
Diff. num of tokens in EN & CH annot:	raw-data/long-text/Kavalan_Xinshe/KavNr-ancestor_buya.mp3.txt/#13
Diff. num of tokens in EN & CH annot:	raw-data/long-text/Kavalan_Xinshe/KavNr-ancestor_buya.mp3.txt/#51
Diff. num of tokens in EN & CH annot:	raw-data/long-text/Kavalan_Xinshe/KavNr-ancestor_buya.mp3.txt/#84
Diff. num of tokens in EN & CH annot:	raw-data/long-text/Sakizaya_Sakizaya/skzyNr-maibol_Panay.mp3.txt/#28
INVALID GLOSS formatting:				raw-data/long-text/Sakizaya_Sakizaya/skzyNr-pear_dungi.mp3.txt/#56
Diff. num of tokens in EN & CH annot:	raw-data/long-text/Sakizaya_Sakizaya/skzyNr-school_Panay.mp3.txt/#15
Diff. num of tokens in EN & CH annot:	raw-data/long-text/Sakizaya_Sakizaya/skzyNr-pear_panay.mp3.txt/#42
Diff. num of tokens in EN & CH annot:	raw-data/long-text/Sakizaya_Sakizaya/skzyNr-pear_panay.mp3.txt/#43
Diff. num of tokens in EN & CH annot:	raw-data/long-text/Sakizaya_Sakizaya/skzyNr-class_sinay.mp3.txt/#154
Diff. num of tokens in EN & CH annot:	raw-data/long-text/Sakizaya_Sakizaya/skzyNr-palamal_kaniw.mp3.txt/#106
Diff. num of tokens in EN & CH annot:	raw-data/long-text/Sakizaya_Sakizaya/skzyNr-palamal_kaniw.mp3.txt/#112
Diff. num of tokens in EN & CH annot:	raw-data/long-text/Sakizaya_Sakizaya/skzyNr-palamal_kaniw.mp3.txt/#147
Diff. num of tokens in EN & CH annot:	raw-data/long-text/Sakizaya_Sakizaya/skzyNr-palamal_kaniw.mp3.txt/#163
Diff. num of tokens in EN & CH annot:	raw-data/long-text/Sakizaya_Sakizaya/skzyNr-palamal_kaniw.mp3.txt/#169
Diff. num of tokens in EN & CH annot:	raw-data/long-text/Sakizaya_Sakizaya/skzyNr-palamal_kaniw.mp3.txt/#170
INVALID GLOSS formatting:				raw-data/long-text/Sakizaya_Sakizaya/skzyNr-palamal_kaniw.mp3.txt/#172
Diff. num of tokens in EN & CH annot:	raw-data/long-text/Sakizaya_Sakizaya/skzyNr-palamal_kaniw.mp3.txt/#186
Diff. num of tokens in EN & CH annot:	raw-data/long-text/Sakizaya_Sakizaya/skzyNr-palamal_kaniw.mp3.txt/#192
Diff. num of tokens in EN & CH annot:	raw-data/long-text/Sakizaya_Sakizaya/skzyNr-palamal_kaniw.mp3.txt/#233
Diff. num of tokens in EN & CH annot:	raw-data/long-text/Sakizaya_Sakizaya/skzyNr-palamal_kaniw.mp3.txt/#234
Diff. num of tokens in EN & CH annot:	raw-data/long-text/Sakizaya_Sakizaya/skzyNr-rain-kaniw.mp3.txt/#7
Diff. num of tokens in EN & CH annot:	raw-data/long-text/Sakizaya_Sakizaya/skzyNr-frog_panay.mp3.txt/#56
Diff. num of tokens in EN & CH annot:	raw-data/long-text/Sakizaya_Sakizaya/skzyNr-frog_panay.mp3.txt/#97
Diff. num of tokens in EN & CH annot:	raw-data/long-text/Sakizaya_Sakizaya/skzyNr-frog_dungi.mp3.txt/#72
Diff. num of tokens in EN & CH annot:	raw-data/long-text/Tsou_TapangU/TsouNr-frog-story-tu.mp3.txt/#86
Diff. num of tokens in EN & CH annot:	raw-data/long-text/Tsou_TapangU/Tsou-frog-story-wang-1.mp3.txt/#18
Diff. num of tokens in EN & CH annot:	raw-data/long-text/Tsou_TapangU/Tsou-frog-story-wang-1.mp3.txt/#79
Diff. num of tokens in EN & CH annot:	raw-data/long-text/Tsou_TapangU/Tsou-frog-story-wang-1.mp3.txt/#140
Diff. num of tokens in EN & CH annot:	raw-data/long-text/Tsou_TapangU/TsouConv-typhoon.mp3.txt/#160
Diff. num of tokens in EN & CH annot:	raw-data/long-text/Tsou_TapangU/TsouConv-typhoon.mp3.txt/#161
Diff. num of tokens in EN & CH annot:	raw-data/long-text/Tsou_TapangU/TsouConv-typhoon.mp3.txt/#163
Diff. num of tokens in EN & CH annot:	raw-data/long-text/Tsou_TapangU/TsouConv-typhoon.mp3.txt/#191
Diff. num of tokens in EN & CH annot:	raw-data/long-text/Tsou_TapangU/TsouConv-typhoon.mp3.txt/#221
Diff. num of tokens in EN & CH annot:	raw-data/long-text/Tsou_TapangU/TsouConv-typhoon.mp3.txt/#243
Diff. num of tokens in EN & CH annot:	raw-data/long-text/Tsou_TapangU/TsouConv-typhoon.mp3.txt/#367
Diff. num of tokens in EN & CH annot:	raw-data/long-text/Tsou_TapangU/TsouNr-love-story-zhuang.mp3.txt/#27
Diff. num of tokens in EN & CH annot:	raw-data/long-text/Tsou_TapangU/TsouNr-love-story-zhuang.mp3.txt/#31
Diff. num of tokens in EN & CH annot:	raw-data/long-text/Tsou_TapangU/TsouNr-pear-An.mp3.txt/#1
Diff. num of tokens in EN & CH annot:	raw-data/long-text/Tsou_TapangU/TsouNr-pear-An.mp3.txt/#46
Diff. num of tokens in EN & CH annot:	raw-data/long-text/Tsou_TapangU/TsouNr-frog-story-shi.mp3.txt/#10
Diff. num of tokens in EN & CH annot:	raw-data/long-text/Tsou_TapangU/TsouNr-frog-story-shi.mp3.txt/#54
Diff. num of tokens in EN & CH annot:	raw-data/long-text/Tsou_TapangU/TsouNr-frog-story-shi.mp3.txt/#70
Diff. num of tokens in EN & CH annot:	raw-data/long-text/Tsou_TapangU/TsouNr-frog-story-shi.mp3.txt/#72
Diff. num of tokens in EN & CH annot:	raw-data/long-text/Tsou_TapangU/TsouNr-frog-story-shi.mp3.txt/#87
Diff. num of tokens in EN & CH annot:	raw-data/long-text/Tsou_TapangU/TsouNr-frog-story-shi.mp3.txt/#94
Diff. num of tokens in EN & CH annot:	raw-data/long-text/Tsou_TapangU/TsouNr-frog-story-shi.mp3.txt/#100
Diff. num of tokens in EN & CH annot:	raw-data/long-text/Tsou_TapangU/TsouNr-frog-story-shi.mp3.txt/#115
Diff. num of tokens in EN & CH annot:	raw-data/long-text/Tsou_TapangU/TsouNr-frog-story-shi.mp3.txt/#121
Diff. num of tokens in EN & CH annot:	raw-data/long-text/Tsou_TapangU/TsouNr-frog-story-shi.mp3.txt/#122
Diff. num of tokens in EN & CH annot:	raw-data/long-text/Tsou_TapangU/TsouNr-frog-story-shi.mp3.txt/#165
Diff. num of tokens in EN & CH annot:	raw-data/long-text/Tsou_TapangU/TsouNr-frog-story-shi.mp3.txt/#178
Diff. num of tokens in EN & CH annot:	raw-data/long-text/Tsou_TapangU/TsouNr-frog-story-shi.mp3.txt/#185
Diff. num of tokens in EN & CH annot:	raw-data/long-text/Tsou_TapangU/TsouNr-lovestory-zheng.mp3.txt/#76
Diff. num of tokens in EN & CH annot:	raw-data/long-text/Seediq_Tgdaya/sdqNr-mother_iwan.mp3.txt/#5
Diff. num of tokens in EN & CH annot:	raw-data/long-text/Seediq_Tgdaya/sdqNr-mother_iwan.mp3.txt/#60
Diff. num of tokens in EN & CH annot:	raw-data/long-text/Seediq_Tgdaya/sdqNr-mother_iwan.mp3.txt/#77
Diff. num of tokens in EN & CH annot:	raw-data/long-text/Seediq_Tgdaya/sdqNr-mother_iwan.mp3.txt/#120
INVALID GLOSS formatting:				raw-data/long-text/Seediq_Tgdaya/sdqNr-mother_iwan.mp3.txt/#135
Diff. num of tokens in EN & CH annot:	raw-data/long-text/Seediq_Tgdaya/sdqNr-mother_iwan.mp3.txt/#231
Diff. num of tokens in EN & CH annot:	raw-data/long-text/Seediq_Tgdaya/sdqNr-mother_iwan.mp3.txt/#256
Diff. num of tokens in EN & CH annot:	raw-data/long-text/Seediq_Tgdaya/sdqCon-plum_uma_robo.mp3.txt/#18
INVALID GLOSS formatting:				raw-data/long-text/Seediq_Tgdaya/sdqCon-plum_uma_robo.mp3.txt/#41
Diff. num of tokens in EN & CH annot:	raw-data/long-text/Seediq_Tgdaya/sdqCon-plum_uma_robo.mp3.txt/#58
Diff. num of tokens in EN & CH annot:	raw-data/long-text/Seediq_Tgdaya/sdqCon-plum_uma_robo.mp3.txt/#86
INVALID GLOSS formatting:				raw-data/long-text/Seediq_Tgdaya/sdqCon-plum_uma_robo.mp3.txt/#87
Diff. num of tokens in EN & CH annot:	raw-data/long-text/Seediq_Tgdaya/sdqCon-plum_uma_robo.mp3.txt/#90
INVALID GLOSS formatting:				raw-data/long-text/Seediq_Tgdaya/sdqCon-plum_uma_robo.mp3.txt/#97
Diff. num of tokens in EN & CH annot:	raw-data/long-text/Seediq_Tgdaya/sdqCon-plum_uma_robo.mp3.txt/#102
Diff. num of tokens in EN & CH annot:	raw-data/long-text/Seediq_Tgdaya/sdqNr-pear_temi.mp3.txt/#5
Diff. num of tokens in EN & CH annot:	raw-data/long-text/Seediq_Tgdaya/sdqNr-pear_temi.mp3.txt/#9
Diff. num of tokens in EN & CH annot:	raw-data/long-text/Seediq_Tgdaya/sdqNr-pear_temi.mp3.txt/#14
Diff. num of tokens in EN & CH annot:	raw-data/long-text/Seediq_Tgdaya/sdqNr-pear_temi.mp3.txt/#19
Diff. num of tokens in EN & CH annot:	raw-data/long-text/Seediq_Tgdaya/sdqNr-pear_temi.mp3.txt/#20
Diff. num of tokens in EN & CH annot:	raw-data/long-text/Seediq_Tgdaya/sdqNr-pear_temi.mp3.txt/#32
Diff. num of tokens in EN & CH annot:	raw-data/long-text/Seediq_Tgdaya/sdqNr-pear_temi.mp3.txt/#49
Diff. num of tokens in EN & CH annot:	raw-data/long-text/Seediq_Tgdaya/sdqNr-pear_temi.mp3.txt/#57
Diff. num of tokens in EN & CH annot:	raw-data/long-text/Seediq_Tgdaya/sdqNr-pear_temi.mp3.txt/#64
Diff. num of tokens in EN & CH annot:	raw-data/long-text/Seediq_Tgdaya/sdqNr-pear_temi.mp3.txt/#66
Diff. num of tokens in EN & CH annot:	raw-data/long-text/Seediq_Tgdaya/sdqNr-pear_temi.mp3.txt/#85
Diff. num of tokens in EN & CH annot:	raw-data/long-text/Seediq_Tgdaya/sdqNr-pear_temi.mp3.txt/#86
Diff. num of tokens in EN & CH annot:	raw-data/long-text/Seediq_Tgdaya/sdqNr-pear_temi.mp3.txt/#93
Diff. num of tokens in EN & CH annot:	raw-data/long-text/Seediq_Tgdaya/sdqNr-pear_temi.mp3.txt/#109
Diff. num of tokens in EN & CH annot:	raw-data/long-text/Seediq_Tgdaya/sdqNr-pear_temi.mp3.txt/#114
Diff. num of tokens in EN & CH annot:	raw-data/long-text/Seediq_Tgdaya/sdqNr-pear_temi.mp3.txt/#118
Diff. num of tokens in EN & CH annot:	raw-data/long-text/Seediq_Tgdaya/sdqNr-pear_temi.mp3.txt/#121
Diff. num of tokens in EN & CH annot:	raw-data/long-text/Seediq_Tgdaya/sdqNr-pear_temi.mp3.txt/#125
Diff. num of tokens in EN & CH annot:	raw-data/long-text/Seediq_Tgdaya/sdqCon-dialog5_dakis_takun.mp3.txt/#18
Diff. num of tokens in EN & CH annot:	raw-data/long-text/Seediq_Tgdaya/sdqCon-dialog5_dakis_takun.mp3.txt/#27
Diff. num of tokens in EN & CH annot:	raw-data/long-text/Seediq_Tgdaya/sdqCon-dialog5_dakis_takun.mp3.txt/#75
Diff. num of tokens in EN & CH annot:	raw-data/long-text/Seediq_Tgdaya/sdqCon-dialog5_dakis_takun.mp3.txt/#87
Diff. num of tokens in EN & CH annot:	raw-data/long-text/Seediq_Tgdaya/sdqCon-dialog5_dakis_takun.mp3.txt/#143
Diff. num of tokens in EN & CH annot:	raw-data/long-text/Seediq_Tgdaya/sdqCon-dialog5_dakis_takun.mp3.txt/#153
Diff. num of tokens in EN & CH annot:	raw-data/long-text/Seediq_Tgdaya/sdqCon-dialog5_dakis_takun.mp3.txt/#179
Diff. num of tokens in EN & CH annot:	raw-data/long-text/Seediq_Tgdaya/sdqCon-dialog5_dakis_takun.mp3.txt/#194
Diff. num of tokens in EN & CH annot:	raw-data/long-text/Seediq_Tgdaya/sdqCon-dialog5_dakis_takun.mp3.txt/#218
Diff. num of tokens in EN & CH annot:	raw-data/long-text/Seediq_Tgdaya/sdqCon-dialog5_dakis_takun.mp3.txt/#222
INVALID GLOSS formatting:				raw-data/long-text/Seediq_Tgdaya/sdqCon-dialog5_dakis_takun.mp3.txt/#234
INVALID GLOSS formatting:				raw-data/long-text/Seediq_Tgdaya/sdqCon-dialog5_dakis_takun.mp3.txt/#259
Diff. num of tokens in EN & CH annot:	raw-data/long-text/Seediq_Tgdaya/sdqCon-dialog5_dakis_takun.mp3.txt/#270
Diff. num of tokens in EN & CH annot:	raw-data/long-text/Seediq_Tgdaya/sdqCon-dialog5_dakis_takun.mp3.txt/#283
INVALID GLOSS formatting:				raw-data/long-text/Seediq_Tgdaya/sdqCon-dialog5_dakis_takun.mp3.txt/#292
Diff. num of tokens in EN & CH annot:	raw-data/long-text/Seediq_Tgdaya/sdqNr-tradition_dakis.mp3.txt/#60
Diff. num of tokens in EN & CH annot:	raw-data/long-text/Seediq_Tgdaya/sdqNr-tradition_dakis.mp3.txt/#71
Diff. num of tokens in EN & CH annot:	raw-data/long-text/Seediq_Tgdaya/sdqNr-tradition_dakis.mp3.txt/#88
Diff. num of tokens in EN & CH annot:	raw-data/long-text/Seediq_Tgdaya/sdqNr-tradition_dakis.mp3.txt/#104
Diff. num of tokens in EN & CH annot:	raw-data/long-text/Seediq_Tgdaya/sdqNr-tradition_dakis.mp3.txt/#123
Diff. num of tokens in EN & CH annot:	raw-data/long-text/Seediq_Tgdaya/sdqNr-tradition_dakis.mp3.txt/#156
Diff. num of tokens in EN & CH annot:	raw-data/long-text/Seediq_Tgdaya/sdqNr-tradition_dakis.mp3.txt/#196
Diff. num of tokens in EN & CH annot:	raw-data/long-text/Seediq_Tgdaya/sdqNr-tradition_dakis.mp3.txt/#197
Diff. num of tokens in EN & CH annot:	raw-data/long-text/Seediq_Tgdaya/sdqNr-tradition_dakis.mp3.txt/#207
Diff. num of tokens in EN & CH annot:	raw-data/long-text/Seediq_Tgdaya/sdqNr-pear-dakis.mp3.txt/#10
Diff. num of tokens in EN & CH annot:	raw-data/long-text/Seediq_Tgdaya/sdqNr-pear-dakis.mp3.txt/#16
Diff. num of tokens in EN & CH annot:	raw-data/long-text/Seediq_Tgdaya/sdqNr-pear-dakis.mp3.txt/#41
Diff. num of tokens in EN & CH annot:	raw-data/long-text/Seediq_Tgdaya/sdqNr-pear-dakis.mp3.txt/#56
Diff. num of tokens in EN & CH annot:	raw-data/long-text/Seediq_Tgdaya/sdqNr-pear-dakis.mp3.txt/#94
Diff. num of tokens in EN & CH annot:	raw-data/long-text/Seediq_Tgdaya/sdqNr-pear-dakis.mp3.txt/#99
Diff. num of tokens in EN & CH annot:	raw-data/long-text/Seediq_Tgdaya/sdqNr-pear-dakis.mp3.txt/#126
Diff. num of tokens in EN & CH annot:	raw-data/long-text/Seediq_Tgdaya/sdqNr-pear-dakis.mp3.txt/#131
Diff. num of tokens in EN & CH annot:	raw-data/long-text/Seediq_Tgdaya/sdqNr-pear-dakis.mp3.txt/#174
Diff. num of tokens in EN & CH annot:	raw-data/long-text/Seediq_Tgdaya/sdqNr-pear-dakis.mp3.txt/#219
Diff. num of tokens in EN & CH annot:	raw-data/long-text/Seediq_Tgdaya/sdqNr-pear-dakis.mp3.txt/#220
Diff. num of tokens in EN & CH annot:	raw-data/long-text/Seediq_Tgdaya/sdqNr-pear-dakis.mp3.txt/#238
Diff. num of tokens in EN & CH annot:	raw-data/long-text/Seediq_Tgdaya/sdqNr-rain_pawan.mp3.txt/#5
Diff. num of tokens in EN & CH annot:	raw-data/long-text/Seediq_Tgdaya/sdqNr-rain_pawan.mp3.txt/#26
Diff. num of tokens in EN & CH annot:	raw-data/long-text/Seediq_Tgdaya/sdqNr-rain_pawan.mp3.txt/#32
Diff. num of tokens in EN & CH annot:	raw-data/long-text/Seediq_Tgdaya/sdqNr-frog_lubi.mp3.txt/#44
Diff. num of tokens in EN & CH annot:	raw-data/long-text/Seediq_Tgdaya/sdqNr-frog_lubi.mp3.txt/#74
Diff. num of tokens in EN & CH annot:	raw-data/long-text/Seediq_Tgdaya/sdqNr-frog_lubi.mp3.txt/#92
Diff. num of tokens in EN & CH annot:	raw-data/long-text/Seediq_Tgdaya/sdqNr-frog_lubi.mp3.txt/#116
Diff. num of tokens in EN & CH annot:	raw-data/long-text/Seediq_Tgdaya/sdqNr-frog_lubi.mp3.txt/#182
Diff. num of tokens in EN & CH annot:	raw-data/long-text/Seediq_Tgdaya/sdqNr-frog_lubi.mp3.txt/#236
Diff. num of tokens in EN & CH annot:	raw-data/long-text/Seediq_Tgdaya/sdqNr-frog_lubi.mp3.txt/#247
Diff. num of tokens in EN & CH annot:	raw-data/long-text/Seediq_Tgdaya/sdqNr-frog_lubi.mp3.txt/#250
Diff. num of tokens in EN & CH annot:	raw-data/long-text/Seediq_Tgdaya/sdqNr-frog_lubi.mp3.txt/#254
Diff. num of tokens in EN & CH annot:	raw-data/long-text/Seediq_Tgdaya/sdqNr-frog_lubi.mp3.txt/#262
Diff. num of tokens in EN & CH annot:	raw-data/long-text/Seediq_Tgdaya/sdqNr-frog_lubi.mp3.txt/#263
Diff. num of tokens in EN & CH annot:	raw-data/long-text/Seediq_Tgdaya/sdqNr-medicine_robo pihu.mp3.txt/#24
Diff. num of tokens in EN & CH annot:	raw-data/long-text/Seediq_Tgdaya/sdqNr-medicine_robo pihu.mp3.txt/#30
Diff. num of tokens in EN & CH annot:	raw-data/long-text/Seediq_Tgdaya/sdqNr-ricah_uma.mp3.txt/#6
Diff. num of tokens in EN & CH annot:	raw-data/long-text/Seediq_Tgdaya/sdqNr-ricah_uma.mp3.txt/#16
Diff. num of tokens in EN & CH annot:	raw-data/long-text/Seediq_Tgdaya/sdqNr-ricah_uma.mp3.txt/#26
Diff. num of tokens in EN & CH annot:	raw-data/long-text/Seediq_Tgdaya/sdqNr-ricah_uma.mp3.txt/#40
Diff. num of tokens in EN & CH annot:	raw-data/long-text/Seediq_Tgdaya/sdqNr-sisin_dakis.mp3.txt/#35
Diff. num of tokens in EN & CH annot:	raw-data/long-text/Seediq_Tgdaya/sdqNr-sisin_dakis.mp3.txt/#43
Diff. num of tokens in EN & CH annot:	raw-data/long-text/Seediq_Tgdaya/sdqNr-sisin_dakis.mp3.txt/#61
Diff. num of tokens in EN & CH annot:	raw-data/long-text/Seediq_Tgdaya/sdqNr-sisin_dakis.mp3.txt/#64
Diff. num of tokens in EN & CH annot:	raw-data/long-text/Seediq_Tgdaya/sdqNr-sisin_dakis.mp3.txt/#126
Diff. num of tokens in EN & CH annot:	raw-data/long-text/Seediq_Tgdaya/sdqNr-sisin_dakis.mp3.txt/#132
Diff. num of tokens in EN & CH annot:	raw-data/long-text/Seediq_Tgdaya/sdqNr-sisin_dakis.mp3.txt/#165
Diff. num of tokens in EN & CH annot:	raw-data/long-text/Seediq_Tgdaya/sdqNr-sisin_dakis.mp3.txt/#247
Diff. num of tokens in EN & CH annot:	raw-data/long-text/Seediq_Tgdaya/sdqNr-sisin_dakis.mp3.txt/#265
Diff. num of tokens in EN & CH annot:	raw-data/long-text/Seediq_Tgdaya/sdqNr-sisin_dakis.mp3.txt/#326
Diff. num of tokens in EN & CH annot:	raw-data/long-text/Seediq_Tgdaya/sdqNr-sisin_dakis.mp3.txt/#338
Diff. num of tokens in EN & CH annot:	raw-data/long-text/Seediq_Tgdaya/sdqNr-sisin_dakis.mp3.txt/#444
Diff. num of tokens in EN & CH annot:	raw-data/long-text/Seediq_Tgdaya/sdqNr-sisin_dakis.mp3.txt/#465
Diff. num of tokens in EN & CH annot:	raw-data/long-text/Seediq_Tgdaya/sdqNr-sisin_dakis.mp3.txt/#570
Diff. num of tokens in EN & CH annot:	raw-data/long-text/Seediq_Tgdaya/sdqNr-sisin_dakis.mp3.txt/#578
Diff. num of tokens in EN & CH annot:	raw-data/long-text/Seediq_Tgdaya/sdqNr-pear_pawan.mp3.txt/#1
Diff. num of tokens in EN & CH annot:	raw-data/long-text/Seediq_Tgdaya/sdqNr-pear_pawan.mp3.txt/#46
Diff. num of tokens in EN & CH annot:	raw-data/long-text/Seediq_Tgdaya/sdqNr-pear_pawan.mp3.txt/#53
Diff. num of tokens in EN & CH annot:	raw-data/long-text/Seediq_Tgdaya/sdqNr-seediq_dakis.mp3.txt/#12
Diff. num of tokens in EN & CH annot:	raw-data/long-text/Seediq_Tgdaya/sdqNr-seediq_dakis.mp3.txt/#29
Diff. num of tokens in EN & CH annot:	raw-data/long-text/Seediq_Tgdaya/sdqNr-seediq_dakis.mp3.txt/#47
Diff. num of tokens in EN & CH annot:	raw-data/long-text/Seediq_Tgdaya/sdqNr-seediq_dakis.mp3.txt/#48
Diff. num of tokens in EN & CH annot:	raw-data/long-text/Seediq_Tgdaya/sdqNr-seediq_dakis.mp3.txt/#62
Diff. num of tokens in EN & CH annot:	raw-data/long-text/Seediq_Tgdaya/sdqNr-seediq_dakis.mp3.txt/#73
Diff. num of tokens in EN & CH annot:	raw-data/long-text/Seediq_Tgdaya/sdqNr-seediq_dakis.mp3.txt/#121
Diff. num of tokens in EN & CH annot:	raw-data/long-text/Seediq_Tgdaya/sdqNr-pear_lubi.mp3.txt/#3
Diff. num of tokens in EN & CH annot:	raw-data/long-text/Seediq_Tgdaya/sdqNr-pear_lubi.mp3.txt/#15
Diff. num of tokens in EN & CH annot:	raw-data/long-text/Seediq_Tgdaya/sdqNr-pear_lubi.mp3.txt/#32
Diff. num of tokens in EN & CH annot:	raw-data/long-text/Seediq_Tgdaya/sdqNr-pear_lubi.mp3.txt/#37
Diff. num of tokens in EN & CH annot:	raw-data/long-text/Seediq_Tgdaya/sdqNr-pear_lubi.mp3.txt/#57
Diff. num of tokens in EN & CH annot:	raw-data/long-text/Seediq_Tgdaya/sdqNr-pear_lubi.mp3.txt/#62
Diff. num of tokens in EN & CH annot:	raw-data/long-text/Seediq_Tgdaya/sdqNr-pear_lubi.mp3.txt/#72
Diff. num of tokens in EN & CH annot:	raw-data/long-text/Seediq_Tgdaya/sdqNr-pear_lubi.mp3.txt/#73
Diff. num of tokens in EN & CH annot:	raw-data/long-text/Seediq_Tgdaya/sdqNr-pear_lubi.mp3.txt/#75
Diff. num of tokens in EN & CH annot:	raw-data/long-text/Seediq_Tgdaya/sdqCon-dialog2_ciwas_tiwas.mp3.txt/#7
Diff. num of tokens in EN & CH annot:	raw-data/long-text/Seediq_Tgdaya/sdqCon-dialog2_ciwas_tiwas.mp3.txt/#18
Diff. num of tokens in EN & CH annot:	raw-data/long-text/Seediq_Tgdaya/sdqCon-dialog2_ciwas_tiwas.mp3.txt/#39
Diff. num of tokens in EN & CH annot:	raw-data/long-text/Seediq_Tgdaya/sdqCon-dialog2_ciwas_tiwas.mp3.txt/#103
Diff. num of tokens in EN & CH annot:	raw-data/long-text/Seediq_Tgdaya/sdqCon-dialog2_ciwas_tiwas.mp3.txt/#104
Diff. num of tokens in EN & CH annot:	raw-data/long-text/Seediq_Tgdaya/sdqCon-dialog2_ciwas_tiwas.mp3.txt/#105
Diff. num of tokens in EN & CH annot:	raw-data/long-text/Seediq_Tgdaya/sdqCon-dialog2_ciwas_tiwas.mp3.txt/#120
INVALID GLOSS formatting:				raw-data/long-text/Seediq_Tgdaya/sdqCon-dialog2_ciwas_tiwas.mp3.txt/#182
Diff. num of tokens in EN & CH annot:	raw-data/long-text/Seediq_Tgdaya/sdqCon-dialog2_ciwas_tiwas.mp3.txt/#188
Diff. num of tokens in EN & CH annot:	raw-data/long-text/Seediq_Tgdaya/sdqCon-dialog2_ciwas_tiwas.mp3.txt/#191
Diff. num of tokens in EN & CH annot:	raw-data/long-text/Seediq_Tgdaya/sdqCon-dialog2_ciwas_tiwas.mp3.txt/#225
Diff. num of tokens in EN & CH annot:	raw-data/long-text/Seediq_Tgdaya/sdqCon-dialog2_ciwas_tiwas.mp3.txt/#267
Diff. num of tokens in EN & CH annot:	raw-data/long-text/Seediq_Tgdaya/sdqCon-dialog2_ciwas_tiwas.mp3.txt/#270
Diff. num of tokens in EN & CH annot:	raw-data/long-text/Seediq_Tgdaya/sdqCon-dialog2_ciwas_tiwas.mp3.txt/#297
Diff. num of tokens in EN & CH annot:	raw-data/long-text/Seediq_Tgdaya/sdqCon-dialog2_ciwas_tiwas.mp3.txt/#303
Diff. num of tokens in EN & CH annot:	raw-data/long-text/Seediq_Tgdaya/sdqCon-dialog2_ciwas_tiwas.mp3.txt/#315
Diff. num of tokens in EN & CH annot:	raw-data/long-text/Seediq_Tgdaya/sdqNr-sinobale_uma.mp3.txt/#16
Diff. num of tokens in EN & CH annot:	raw-data/long-text/Seediq_Tgdaya/sdqNr-sinobale_uma.mp3.txt/#19
Diff. num of tokens in EN & CH annot:	raw-data/long-text/Seediq_Tgdaya/sdqNr-sinobale_uma.mp3.txt/#30
Diff. num of tokens in EN & CH annot:	raw-data/long-text/Seediq_Tgdaya/None.txt/#4
Diff. num of tokens in EN & CH annot:	raw-data/long-text/Seediq_Tgdaya/None.txt/#13
Diff. num of tokens in EN & CH annot:	raw-data/long-text/Seediq_Tgdaya/None.txt/#18
Diff. num of tokens in EN & CH annot:	raw-data/long-text/Seediq_Tgdaya/None-1.txt/#79
Diff. num of tokens in EN & CH annot:	raw-data/long-text/Seediq_Tgdaya/None-1.txt/#85
Diff. num of tokens in EN & CH annot:	raw-data/long-text/Seediq_Tgdaya/sdqNr-childhood_micang.mp3.txt/#29
Diff. num of tokens in EN & CH annot:	raw-data/long-text/Seediq_Tgdaya/sdqNr-childhood_micang.mp3.txt/#50
Diff. num of tokens in EN & CH annot:	raw-data/long-text/Seediq_Tgdaya/sdqNr-childhood_micang.mp3.txt/#117
Diff. num of tokens in EN & CH annot:	raw-data/long-text/Seediq_Tgdaya/sdqNr-childhood_micang.mp3.txt/#151
Diff. num of tokens in EN & CH annot:	raw-data/long-text/Seediq_Tgdaya/sdqNr-childhood_micang.mp3.txt/#159
Diff. num of tokens in EN & CH annot:	raw-data/long-text/Seediq_Tgdaya/sdqNr-childhood_micang.mp3.txt/#182
Diff. num of tokens in EN & CH annot:	raw-data/long-text/Seediq_Tgdaya/sdqNr-childhood_micang.mp3.txt/#192
Diff. num of tokens in EN & CH annot:	raw-data/long-text/Seediq_Tgdaya/sdqNr-childhood_micang.mp3.txt/#215
Diff. num of tokens in EN & CH annot:	raw-data/long-text/Seediq_Tgdaya/sdqNr-childhood_micang.mp3.txt/#219
Diff. num of tokens in EN & CH annot:	raw-data/long-text/Seediq_Tgdaya/sdqNr-childhood_micang.mp3.txt/#230
Diff. num of tokens in EN & CH annot:	raw-data/long-text/Seediq_Tgdaya/sdqNr-pear_aking.mp3.txt/#4
Diff. num of tokens in EN & CH annot:	raw-data/long-text/Seediq_Tgdaya/sdqNr-pear_aking.mp3.txt/#20
Diff. num of tokens in EN & CH annot:	raw-data/long-text/Seediq_Tgdaya/sdqNr-pear_aking.mp3.txt/#30
Diff. num of tokens in EN & CH annot:	raw-data/long-text/Seediq_Tgdaya/sdqNr-pear_aking.mp3.txt/#32
Diff. num of tokens in EN & CH annot:	raw-data/long-text/Seediq_Tgdaya/sdqNr-pear_aking.mp3.txt/#38
Diff. num of tokens in EN & CH annot:	raw-data/long-text/Seediq_Tgdaya/sdqNr-pear_aking.mp3.txt/#54
Diff. num of tokens in EN & CH annot:	raw-data/long-text/Seediq_Tgdaya/sdqNr-pear_aking.mp3.txt/#56
Diff. num of tokens in EN & CH annot:	raw-data/long-text/Seediq_Tgdaya/sdqNr-pear_aking.mp3.txt/#57
Diff. num of tokens in EN & CH annot:	raw-data/long-text/Seediq_Tgdaya/sdqNr-pear_aking.mp3.txt/#58
Diff. num of tokens in EN & CH annot:	raw-data/long-text/Seediq_Tgdaya/sdqNr-pear_aking.mp3.txt/#61
Diff. num of tokens in EN & CH annot:	raw-data/long-text/Seediq_Tgdaya/sdqNr-pear_aking.mp3.txt/#66
Diff. num of tokens in EN & CH annot:	raw-data/long-text/Seediq_Tgdaya/sdqNr-pear_aking.mp3.txt/#70
Diff. num of tokens in EN & CH annot:	raw-data/long-text/Seediq_Tgdaya/sdqNr-pear_aking.mp3.txt/#81
Diff. num of tokens in EN & CH annot:	raw-data/long-text/Seediq_Tgdaya/sdqCon-dialog1_ciwas_tiwas.mp3.txt/#3
Diff. num of tokens in EN & CH annot:	raw-data/long-text/Seediq_Tgdaya/sdqCon-dialog1_ciwas_tiwas.mp3.txt/#35
Diff. num of tokens in EN & CH annot:	raw-data/long-text/Seediq_Tgdaya/sdqCon-dialog1_ciwas_tiwas.mp3.txt/#50
Diff. num of tokens in EN & CH annot:	raw-data/long-text/Seediq_Tgdaya/sdqCon-dialog1_ciwas_tiwas.mp3.txt/#64
Diff. num of tokens in EN & CH annot:	raw-data/long-text/Seediq_Tgdaya/sdqCon-dialog1_ciwas_tiwas.mp3.txt/#67
Diff. num of tokens in EN & CH annot:	raw-data/long-text/Seediq_Tgdaya/sdqCon-dialog1_ciwas_tiwas.mp3.txt/#85
Diff. num of tokens in EN & CH annot:	raw-data/long-text/Seediq_Tgdaya/sdqCon-dialog1_ciwas_tiwas.mp3.txt/#103
Diff. num of tokens in EN & CH annot:	raw-data/long-text/Seediq_Tgdaya/sdqCon-dialog1_ciwas_tiwas.mp3.txt/#118
Diff. num of tokens in EN & CH annot:	raw-data/long-text/Seediq_Tgdaya/sdqCon-dialog1_ciwas_tiwas.mp3.txt/#122
Diff. num of tokens in EN & CH annot:	raw-data/long-text/Seediq_Tgdaya/sdqCon-dialog1_ciwas_tiwas.mp3.txt/#148
Diff. num of tokens in EN & CH annot:	raw-data/long-text/Seediq_Tgdaya/sdqCon-dialog1_ciwas_tiwas.mp3.txt/#228
Diff. num of tokens in EN & CH annot:	raw-data/long-text/Seediq_Tgdaya/sdqCon-dialog1_ciwas_tiwas.mp3.txt/#258
Diff. num of tokens in EN & CH annot:	raw-data/long-text/Seediq_Tgdaya/sdqCon-dialog1_ciwas_tiwas.mp3.txt/#266
Diff. num of tokens in EN & CH annot:	raw-data/long-text/Seediq_Tgdaya/sdqCon-dialog1_ciwas_tiwas.mp3.txt/#268
Diff. num of tokens in EN & CH annot:	raw-data/long-text/Seediq_Tgdaya/sdqNr-south_pawan.mp3.txt/#11
Diff. num of tokens in EN & CH annot:	raw-data/long-text/Seediq_Tgdaya/sdqNr-south_pawan.mp3.txt/#26
Diff. num of tokens in EN & CH annot:	raw-data/long-text/Seediq_Tgdaya/sdqNr-south_pawan.mp3.txt/#81
Diff. num of tokens in EN & CH annot:	raw-data/long-text/Seediq_Tgdaya/sdqNr-south_pawan.mp3.txt/#100
Diff. num of tokens in EN & CH annot:	raw-data/long-text/Seediq_Tgdaya/sdqNr-south_pawan.mp3.txt/#101
Diff. num of tokens in EN & CH annot:	raw-data/long-text/Seediq_Tgdaya/sdqNr-south_pawan.mp3.txt/#107
Diff. num of tokens in EN & CH annot:	raw-data/long-text/Seediq_Tgdaya/sdqCon-dialog3_robo_bakan.mp3.txt/#3
Diff. num of tokens in EN & CH annot:	raw-data/long-text/Seediq_Tgdaya/sdqCon-dialog3_robo_bakan.mp3.txt/#9
Diff. num of tokens in EN & CH annot:	raw-data/long-text/Seediq_Tgdaya/sdqCon-dialog3_robo_bakan.mp3.txt/#12
Diff. num of tokens in EN & CH annot:	raw-data/long-text/Seediq_Tgdaya/sdqCon-dialog3_robo_bakan.mp3.txt/#16
Diff. num of tokens in EN & CH annot:	raw-data/long-text/Seediq_Tgdaya/sdqCon-dialog3_robo_bakan.mp3.txt/#35
Diff. num of tokens in EN & CH annot:	raw-data/long-text/Seediq_Tgdaya/sdqCon-dialog3_robo_bakan.mp3.txt/#38
Diff. num of tokens in EN & CH annot:	raw-data/long-text/Seediq_Tgdaya/sdqNr-frog_temi.mp3.txt/#216
Diff. num of tokens in EN & CH annot:	raw-data/long-text/Seediq_Tgdaya/sdqNr-frog_temi.mp3.txt/#401
Diff. num of tokens in EN & CH annot:	raw-data/long-text/Seediq_Tgdaya/sdqCon-dialog4_robo_bakan_ape.mp3.txt/#95
Diff. num of tokens in EN & CH annot:	raw-data/long-text/Seediq_Tgdaya/sdqCon-dialog4_robo_bakan_ape.mp3.txt/#97
Diff. num of tokens in EN & CH annot:	raw-data/long-text/Seediq_Tgdaya/sdqNr-frog_aking.mp3.txt/#51
Diff. num of tokens in EN & CH annot:	raw-data/long-text/Seediq_Tgdaya/sdqNr-frog_aking.mp3.txt/#59
Diff. num of tokens in EN & CH annot:	raw-data/long-text/Seediq_Tgdaya/sdqNr-frog_aking.mp3.txt/#75
Diff. num of tokens in EN & CH annot:	raw-data/long-text/Seediq_Tgdaya/sdqNr-frog_aking.mp3.txt/#108
Diff. num of tokens in EN & CH annot:	raw-data/long-text/Seediq_Tgdaya/sdqNr-frog_aking.mp3.txt/#122
Diff. num of tokens in EN & CH annot:	raw-data/long-text/Seediq_Tgdaya/sdqNr-frog_aking.mp3.txt/#157
Diff. num of tokens in EN & CH annot:	raw-data/long-text/Amis_Ciwkangan/Amis_Nr-pear_panay.mp3.txt/#114
Diff. num of tokens in EN & CH annot:	raw-data/long-text/Amis_Ciwkangan/Amis_Nr-pear_lungi.mp3.txt/#104
Diff. num of tokens in EN & CH annot:	raw-data/long-text/Amis_Ciwkangan/Amis_Nr-pear_zuomei.mp3.txt/#29
Diff. num of tokens in EN & CH annot:	raw-data/long-text/Amis_Ciwkangan/Amis_Nr-crab_panay.mp3.txt/#85
Diff. num of tokens in EN & CH annot:	raw-data/long-text/Saisiyat_Tong-he/SaiNr-life_waon a boong.mp3.txt/#12
Diff. num of tokens in EN & CH annot:	raw-data/long-text/Saisiyat_Tong-he/Sainr-frog4_lalo a tahaeS.mp3.txt/#24
Diff. num of tokens in EN & CH annot:	raw-data/long-text/Saisiyat_Tong-he/SaiNr-kathethel_parain a _oemaw.mp3.txt/#34
Diff. num of tokens in EN & CH annot:	raw-data/long-text/Saisiyat_Tong-he/SaiNr-kathethel_parain a _oemaw.mp3.txt/#129
Diff. num of tokens in EN & CH annot:	raw-data/long-text/Saisiyat_Tong-he/SaiNr-kathethel_parain a _oemaw.mp3.txt/#189
INVALID GLOSS formatting:				raw-data/long-text/Saisiyat_Tong-he/SaiNr-holiday_kalaeh a _oemaw.mp3.txt/#146
Diff. num of tokens in EN & CH annot:	raw-data/long-text/Saisiyat_Tong-he/SaiNr-holiday_kalaeh a _oemaw.mp3.txt/#188
Diff. num of tokens in EN & CH annot:	raw-data/long-text/Saisiyat_Tong-he/SaiNr-frog6_kalaeh a _oemaw.mp3.txt/#81
Diff. num of tokens in EN & CH annot:	raw-data/long-text/Saisiyat_Tong-he/SaiNr-pear5__awi_ a basi_.mp3.txt/#38
Diff. num of tokens in EN & CH annot:	raw-data/long-text/Saisiyat_Tong-he/SaiNr-election_lahi_ a taro_ babay.mp3.txt/#2
Diff. num of tokens in EN & CH annot:	raw-data/long-text/Saisiyat_Tong-he/SaiNr-pear1__oemaw a _obay.mp3.txt/#82
Diff. num of tokens in EN & CH annot:	raw-data/long-text/Saisiyat_Tong-he/SaiNr-kathethel2_kalaeh a oemaw.mp3.txt/#283
Diff. num of tokens in EN & CH annot:	raw-data/long-text/Tsou_Tfya/TsouNr-pear-wang-3.mp3.txt/#115
Diff. num of tokens in EN & CH annot:	raw-data/long-text/Tsou_Tfya/TsouNr-pear-wang-3.mp3.txt/#156
Diff. num of tokens in EN & CH annot:	raw-data/long-text/Tsou_Tfya/TsouConv-informants.mp3.txt/#76
Diff. num of tokens in EN & CH annot:	raw-data/long-text/Tsou_Tfya/TsouConv-informants.mp3.txt/#123
Diff. num of tokens in EN & CH annot:	raw-data/long-text/Tsou_Tfya/TsouConv-informants.mp3.txt/#152
Diff. num of tokens in EN & CH annot:	raw-data/long-text/Tsou_Tfya/TsouConv-informants.mp3.txt/#240
Diff. num of tokens in EN & CH annot:	raw-data/long-text/Tsou_Tfya/None.txt/#8
Diff. num of tokens in EN & CH annot:	raw-data/long-text/Tsou_Tfya/None.txt/#48
Diff. num of tokens in EN & CH annot:	raw-data/long-text/Tsou_Tfya/None.txt/#55
Diff. num of tokens in EN & CH annot:	raw-data/long-text/Tsou_Tfya/None.txt/#84
Diff. num of tokens in EN & CH annot:	raw-data/long-text/Tsou_Tfya/None-1.txt/#39
Diff. num of tokens in EN & CH annot:	raw-data/long-text/Tsou_Tfya/None-1.txt/#128
Diff. num of tokens in EN & CH annot:	raw-data/long-text/Tsou_Tfya/None-1.txt/#245
Diff. num of tokens in EN & CH annot:	raw-data/long-text/Tsou_Tfya/None-1.txt/#356
Diff. num of tokens in EN & CH annot:	raw-data/long-text/Tsou_Tfya/None-1.txt/#445
Diff. num of tokens in EN & CH annot:	raw-data/long-text/Tsou_Tfya/None-1.txt/#482
Diff. num of tokens in EN & CH annot:	raw-data/long-text/Tsou_Tfya/None-1.txt/#496
Diff. num of tokens in EN & CH annot:	raw-data/long-text/Tsou_Tfya/TsouNr_lovestry_wang-2.mp3.txt/#12
Diff. num of tokens in EN & CH annot:	raw-data/long-text/Tsou_Tfya/TsouNr_lovestry_wang-2.mp3.txt/#21
Diff. num of tokens in EN & CH annot:	raw-data/long-text/Tsou_Tfya/TsouNr_lovestry_wang-2.mp3.txt/#59
