Diff. num of tokens in EN & CH annot:	raw-data/long-text/Seediq_Tgdaya/sdqNr-mother_iwan.mp3.txt/#5
Diff. num of tokens in EN & CH annot:	raw-data/long-text/Seediq_Tgdaya/sdqNr-mother_iwan.mp3.txt/#60
Diff. num of tokens in EN & CH annot:	raw-data/long-text/Seediq_Tgdaya/sdqNr-mother_iwan.mp3.txt/#77
Diff. num of tokens in EN & CH annot:	raw-data/long-text/Seediq_Tgdaya/sdqCon-plum_uma_robo.mp3.txt/#18
INVALID GLOSS formatting:				raw-data/long-text/Seediq_Tgdaya/sdqCon-plum_uma_robo.mp3.txt/#41
Diff. num of tokens in EN & CH annot:	raw-data/long-text/Seediq_Tgdaya/sdqCon-plum_uma_robo.mp3.txt/#58
Diff. num of tokens in EN & CH annot:	raw-data/long-text/Seediq_Tgdaya/sdqCon-plum_uma_robo.mp3.txt/#86
INVALID GLOSS formatting:				raw-data/long-text/Seediq_Tgdaya/sdqCon-plum_uma_robo.mp3.txt/#87
Diff. num of tokens in EN & CH annot:	raw-data/long-text/Seediq_Tgdaya/sdqCon-plum_uma_robo.mp3.txt/#90
INVALID GLOSS formatting:				raw-data/long-text/Seediq_Tgdaya/sdqCon-plum_uma_robo.mp3.txt/#97
Diff. num of tokens in EN & CH annot:	raw-data/long-text/Seediq_Tgdaya/sdqNr-pear_temi.mp3.txt/#5
Diff. num of tokens in EN & CH annot:	raw-data/long-text/Seediq_Tgdaya/sdqNr-pear_temi.mp3.txt/#9
Diff. num of tokens in EN & CH annot:	raw-data/long-text/Seediq_Tgdaya/sdqNr-pear_temi.mp3.txt/#14
Diff. num of tokens in EN & CH annot:	raw-data/long-text/Seediq_Tgdaya/sdqNr-pear_temi.mp3.txt/#19
Diff. num of tokens in EN & CH annot:	raw-data/long-text/Seediq_Tgdaya/sdqNr-pear_temi.mp3.txt/#20
Diff. num of tokens in EN & CH annot:	raw-data/long-text/Seediq_Tgdaya/sdqNr-pear_temi.mp3.txt/#32
Diff. num of tokens in EN & CH annot:	raw-data/long-text/Seediq_Tgdaya/sdqNr-pear_temi.mp3.txt/#49
Diff. num of tokens in EN & CH annot:	raw-data/long-text/Seediq_Tgdaya/sdqNr-pear_temi.mp3.txt/#57
Diff. num of tokens in EN & CH annot:	raw-data/long-text/Seediq_Tgdaya/sdqNr-pear_temi.mp3.txt/#64
Diff. num of tokens in EN & CH annot:	raw-data/long-text/Seediq_Tgdaya/sdqNr-pear_temi.mp3.txt/#66
Diff. num of tokens in EN & CH annot:	raw-data/long-text/Seediq_Tgdaya/sdqNr-pear_temi.mp3.txt/#85
Diff. num of tokens in EN & CH annot:	raw-data/long-text/Seediq_Tgdaya/sdqNr-pear_temi.mp3.txt/#86
Diff. num of tokens in EN & CH annot:	raw-data/long-text/Seediq_Tgdaya/sdqNr-pear_temi.mp3.txt/#93
Diff. num of tokens in EN & CH annot:	raw-data/long-text/Seediq_Tgdaya/sdqCon-dialog5_dakis_takun.mp3.txt/#18
Diff. num of tokens in EN & CH annot:	raw-data/long-text/Seediq_Tgdaya/sdqCon-dialog5_dakis_takun.mp3.txt/#27
Diff. num of tokens in EN & CH annot:	raw-data/long-text/Seediq_Tgdaya/sdqCon-dialog5_dakis_takun.mp3.txt/#75
Diff. num of tokens in EN & CH annot:	raw-data/long-text/Seediq_Tgdaya/sdqCon-dialog5_dakis_takun.mp3.txt/#87
Diff. num of tokens in EN & CH annot:	raw-data/long-text/Seediq_Tgdaya/sdqNr-tradition_dakis.mp3.txt/#60
Diff. num of tokens in EN & CH annot:	raw-data/long-text/Seediq_Tgdaya/sdqNr-tradition_dakis.mp3.txt/#71
Diff. num of tokens in EN & CH annot:	raw-data/long-text/Seediq_Tgdaya/sdqNr-tradition_dakis.mp3.txt/#88
Diff. num of tokens in EN & CH annot:	raw-data/long-text/Seediq_Tgdaya/sdqNr-pear-dakis.mp3.txt/#10
Diff. num of tokens in EN & CH annot:	raw-data/long-text/Seediq_Tgdaya/sdqNr-pear-dakis.mp3.txt/#16
Diff. num of tokens in EN & CH annot:	raw-data/long-text/Seediq_Tgdaya/sdqNr-pear-dakis.mp3.txt/#41
Diff. num of tokens in EN & CH annot:	raw-data/long-text/Seediq_Tgdaya/sdqNr-pear-dakis.mp3.txt/#56
Diff. num of tokens in EN & CH annot:	raw-data/long-text/Seediq_Tgdaya/sdqNr-pear-dakis.mp3.txt/#94
Diff. num of tokens in EN & CH annot:	raw-data/long-text/Seediq_Tgdaya/sdqNr-pear-dakis.mp3.txt/#99
Diff. num of tokens in EN & CH annot:	raw-data/long-text/Seediq_Tgdaya/sdqNr-rain_pawan.mp3.txt/#5
Diff. num of tokens in EN & CH annot:	raw-data/long-text/Seediq_Tgdaya/sdqNr-rain_pawan.mp3.txt/#26
Diff. num of tokens in EN & CH annot:	raw-data/long-text/Seediq_Tgdaya/sdqNr-rain_pawan.mp3.txt/#32
Diff. num of tokens in EN & CH annot:	raw-data/long-text/Seediq_Tgdaya/sdqNr-frog_lubi.mp3.txt/#44
Diff. num of tokens in EN & CH annot:	raw-data/long-text/Seediq_Tgdaya/sdqNr-frog_lubi.mp3.txt/#74
Diff. num of tokens in EN & CH annot:	raw-data/long-text/Seediq_Tgdaya/sdqNr-frog_lubi.mp3.txt/#92
Diff. num of tokens in EN & CH annot:	raw-data/long-text/Seediq_Tgdaya/sdqNr-medicine_robo pihu.mp3.txt/#24
Diff. num of tokens in EN & CH annot:	raw-data/long-text/Seediq_Tgdaya/sdqNr-medicine_robo pihu.mp3.txt/#30
Diff. num of tokens in EN & CH annot:	raw-data/long-text/Seediq_Tgdaya/sdqNr-ricah_uma.mp3.txt/#6
Diff. num of tokens in EN & CH annot:	raw-data/long-text/Seediq_Tgdaya/sdqNr-ricah_uma.mp3.txt/#16
Diff. num of tokens in EN & CH annot:	raw-data/long-text/Seediq_Tgdaya/sdqNr-ricah_uma.mp3.txt/#26
Diff. num of tokens in EN & CH annot:	raw-data/long-text/Seediq_Tgdaya/sdqNr-ricah_uma.mp3.txt/#40
Diff. num of tokens in EN & CH annot:	raw-data/long-text/Seediq_Tgdaya/sdqNr-sisin_dakis.mp3.txt/#35
Diff. num of tokens in EN & CH annot:	raw-data/long-text/Seediq_Tgdaya/sdqNr-sisin_dakis.mp3.txt/#43
Diff. num of tokens in EN & CH annot:	raw-data/long-text/Seediq_Tgdaya/sdqNr-sisin_dakis.mp3.txt/#61
Diff. num of tokens in EN & CH annot:	raw-data/long-text/Seediq_Tgdaya/sdqNr-sisin_dakis.mp3.txt/#64
Diff. num of tokens in EN & CH annot:	raw-data/long-text/Seediq_Tgdaya/sdqNr-pear_pawan.mp3.txt/#1
Diff. num of tokens in EN & CH annot:	raw-data/long-text/Seediq_Tgdaya/sdqNr-pear_pawan.mp3.txt/#46
Diff. num of tokens in EN & CH annot:	raw-data/long-text/Seediq_Tgdaya/sdqNr-pear_pawan.mp3.txt/#53
Diff. num of tokens in EN & CH annot:	raw-data/long-text/Seediq_Tgdaya/sdqNr-seediq_dakis.mp3.txt/#12
Diff. num of tokens in EN & CH annot:	raw-data/long-text/Seediq_Tgdaya/sdqNr-seediq_dakis.mp3.txt/#29
Diff. num of tokens in EN & CH annot:	raw-data/long-text/Seediq_Tgdaya/sdqNr-seediq_dakis.mp3.txt/#47
Diff. num of tokens in EN & CH annot:	raw-data/long-text/Seediq_Tgdaya/sdqNr-seediq_dakis.mp3.txt/#48
Diff. num of tokens in EN & CH annot:	raw-data/long-text/Seediq_Tgdaya/sdqNr-seediq_dakis.mp3.txt/#62
Diff. num of tokens in EN & CH annot:	raw-data/long-text/Seediq_Tgdaya/sdqNr-seediq_dakis.mp3.txt/#73
Diff. num of tokens in EN & CH annot:	raw-data/long-text/Seediq_Tgdaya/sdqNr-pear_lubi.mp3.txt/#3
Diff. num of tokens in EN & CH annot:	raw-data/long-text/Seediq_Tgdaya/sdqNr-pear_lubi.mp3.txt/#15
Diff. num of tokens in EN & CH annot:	raw-data/long-text/Seediq_Tgdaya/sdqNr-pear_lubi.mp3.txt/#32
Diff. num of tokens in EN & CH annot:	raw-data/long-text/Seediq_Tgdaya/sdqNr-pear_lubi.mp3.txt/#37
Diff. num of tokens in EN & CH annot:	raw-data/long-text/Seediq_Tgdaya/sdqNr-pear_lubi.mp3.txt/#57
Diff. num of tokens in EN & CH annot:	raw-data/long-text/Seediq_Tgdaya/sdqNr-pear_lubi.mp3.txt/#62
Diff. num of tokens in EN & CH annot:	raw-data/long-text/Seediq_Tgdaya/sdqNr-pear_lubi.mp3.txt/#72
Diff. num of tokens in EN & CH annot:	raw-data/long-text/Seediq_Tgdaya/sdqNr-pear_lubi.mp3.txt/#73
Diff. num of tokens in EN & CH annot:	raw-data/long-text/Seediq_Tgdaya/sdqNr-pear_lubi.mp3.txt/#75
Diff. num of tokens in EN & CH annot:	raw-data/long-text/Seediq_Tgdaya/sdqCon-dialog2_ciwas_tiwas.mp3.txt/#7
Diff. num of tokens in EN & CH annot:	raw-data/long-text/Seediq_Tgdaya/sdqCon-dialog2_ciwas_tiwas.mp3.txt/#18
Diff. num of tokens in EN & CH annot:	raw-data/long-text/Seediq_Tgdaya/sdqCon-dialog2_ciwas_tiwas.mp3.txt/#39
Diff. num of tokens in EN & CH annot:	raw-data/long-text/Seediq_Tgdaya/sdqNr-sinobale_uma.mp3.txt/#16
Diff. num of tokens in EN & CH annot:	raw-data/long-text/Seediq_Tgdaya/sdqNr-sinobale_uma.mp3.txt/#19
Diff. num of tokens in EN & CH annot:	raw-data/long-text/Seediq_Tgdaya/sdqNr-sinobale_uma.mp3.txt/#30
Diff. num of tokens in EN & CH annot:	raw-data/long-text/Seediq_Tgdaya/None.txt/#4
Diff. num of tokens in EN & CH annot:	raw-data/long-text/Seediq_Tgdaya/None.txt/#13
Diff. num of tokens in EN & CH annot:	raw-data/long-text/Seediq_Tgdaya/None.txt/#18
Diff. num of tokens in EN & CH annot:	raw-data/long-text/Seediq_Tgdaya/None-1.txt/#79
Diff. num of tokens in EN & CH annot:	raw-data/long-text/Seediq_Tgdaya/None-1.txt/#85
Diff. num of tokens in EN & CH annot:	raw-data/long-text/Seediq_Tgdaya/sdqNr-childhood_micang.mp3.txt/#29
Diff. num of tokens in EN & CH annot:	raw-data/long-text/Seediq_Tgdaya/sdqNr-childhood_micang.mp3.txt/#50
Diff. num of tokens in EN & CH annot:	raw-data/long-text/Seediq_Tgdaya/sdqNr-pear_aking.mp3.txt/#4
Diff. num of tokens in EN & CH annot:	raw-data/long-text/Seediq_Tgdaya/sdqNr-pear_aking.mp3.txt/#20
Diff. num of tokens in EN & CH annot:	raw-data/long-text/Seediq_Tgdaya/sdqNr-pear_aking.mp3.txt/#30
Diff. num of tokens in EN & CH annot:	raw-data/long-text/Seediq_Tgdaya/sdqNr-pear_aking.mp3.txt/#32
Diff. num of tokens in EN & CH annot:	raw-data/long-text/Seediq_Tgdaya/sdqNr-pear_aking.mp3.txt/#38
Diff. num of tokens in EN & CH annot:	raw-data/long-text/Seediq_Tgdaya/sdqNr-pear_aking.mp3.txt/#54
Diff. num of tokens in EN & CH annot:	raw-data/long-text/Seediq_Tgdaya/sdqNr-pear_aking.mp3.txt/#56
Diff. num of tokens in EN & CH annot:	raw-data/long-text/Seediq_Tgdaya/sdqNr-pear_aking.mp3.txt/#57
Diff. num of tokens in EN & CH annot:	raw-data/long-text/Seediq_Tgdaya/sdqNr-pear_aking.mp3.txt/#58
Diff. num of tokens in EN & CH annot:	raw-data/long-text/Seediq_Tgdaya/sdqNr-pear_aking.mp3.txt/#61
Diff. num of tokens in EN & CH annot:	raw-data/long-text/Seediq_Tgdaya/sdqNr-pear_aking.mp3.txt/#66
Diff. num of tokens in EN & CH annot:	raw-data/long-text/Seediq_Tgdaya/sdqNr-pear_aking.mp3.txt/#70
Diff. num of tokens in EN & CH annot:	raw-data/long-text/Seediq_Tgdaya/sdqNr-pear_aking.mp3.txt/#81
Diff. num of tokens in EN & CH annot:	raw-data/long-text/Seediq_Tgdaya/sdqCon-dialog1_ciwas_tiwas.mp3.txt/#3
Diff. num of tokens in EN & CH annot:	raw-data/long-text/Seediq_Tgdaya/sdqCon-dialog1_ciwas_tiwas.mp3.txt/#35
Diff. num of tokens in EN & CH annot:	raw-data/long-text/Seediq_Tgdaya/sdqCon-dialog1_ciwas_tiwas.mp3.txt/#50
Diff. num of tokens in EN & CH annot:	raw-data/long-text/Seediq_Tgdaya/sdqCon-dialog1_ciwas_tiwas.mp3.txt/#64
Diff. num of tokens in EN & CH annot:	raw-data/long-text/Seediq_Tgdaya/sdqCon-dialog1_ciwas_tiwas.mp3.txt/#67
Diff. num of tokens in EN & CH annot:	raw-data/long-text/Seediq_Tgdaya/sdqCon-dialog1_ciwas_tiwas.mp3.txt/#85
Diff. num of tokens in EN & CH annot:	raw-data/long-text/Seediq_Tgdaya/sdqNr-south_pawan.mp3.txt/#11
Diff. num of tokens in EN & CH annot:	raw-data/long-text/Seediq_Tgdaya/sdqNr-south_pawan.mp3.txt/#26
Diff. num of tokens in EN & CH annot:	raw-data/long-text/Seediq_Tgdaya/sdqNr-south_pawan.mp3.txt/#81
Diff. num of tokens in EN & CH annot:	raw-data/long-text/Seediq_Tgdaya/sdqCon-dialog3_robo_bakan.mp3.txt/#3
Diff. num of tokens in EN & CH annot:	raw-data/long-text/Seediq_Tgdaya/sdqCon-dialog3_robo_bakan.mp3.txt/#9
Diff. num of tokens in EN & CH annot:	raw-data/long-text/Seediq_Tgdaya/sdqCon-dialog3_robo_bakan.mp3.txt/#12
Diff. num of tokens in EN & CH annot:	raw-data/long-text/Seediq_Tgdaya/sdqCon-dialog3_robo_bakan.mp3.txt/#16
Diff. num of tokens in EN & CH annot:	raw-data/long-text/Seediq_Tgdaya/sdqCon-dialog3_robo_bakan.mp3.txt/#35
Diff. num of tokens in EN & CH annot:	raw-data/long-text/Seediq_Tgdaya/sdqCon-dialog3_robo_bakan.mp3.txt/#38
Diff. num of tokens in EN & CH annot:	raw-data/long-text/Seediq_Tgdaya/sdqCon-dialog4_robo_bakan_ape.mp3.txt/#95
Diff. num of tokens in EN & CH annot:	raw-data/long-text/Seediq_Tgdaya/sdqCon-dialog4_robo_bakan_ape.mp3.txt/#97
Diff. num of tokens in EN & CH annot:	raw-data/long-text/Seediq_Tgdaya/sdqNr-frog_aking.mp3.txt/#51
Diff. num of tokens in EN & CH annot:	raw-data/long-text/Seediq_Tgdaya/sdqNr-frog_aking.mp3.txt/#59
Diff. num of tokens in EN & CH annot:	raw-data/long-text/Seediq_Tgdaya/sdqNr-frog_aking.mp3.txt/#75